2022-07-07 11:58:32 INFO::Writing function arguments to log file
2022-07-07 11:58:32 DEBUG::Function arguments
2022-07-07 11:58:32 DEBUG::Output folder: Maaslin2 results Timepoint1
2022-07-07 11:58:32 DEBUG::Min Abundance: 0.000000
2022-07-07 11:58:32 DEBUG::Min Prevalence: 0.000000
2022-07-07 11:58:32 DEBUG::Normalization: TSS
2022-07-07 11:58:32 DEBUG::Transform: AST
2022-07-07 11:58:32 DEBUG::Analysis method: LM
2022-07-07 11:58:32 DEBUG::Max significance: 0.250000
2022-07-07 11:58:32 DEBUG::Random effects:
2022-07-07 11:58:32 DEBUG::Fixed effects: responder
2022-07-07 11:58:32 DEBUG::Correction method: BH
2022-07-07 11:58:32 DEBUG::Standardize: FALSE
2022-07-07 11:58:32 DEBUG::Cores: 1
2022-07-07 11:58:32 INFO::Verifying options selected are valid
2022-07-07 11:58:32 INFO::Determining format of input files
2022-07-07 11:58:32 INFO::Input format is data samples as rows and metadata samples as rows
2022-07-07 11:58:32 DEBUG::A total of 12 samples were found in both the data and metadata
2022-07-07 11:58:32 DEBUG::Reordering data/metadata to use same sample ordering
2022-07-07 11:58:32 INFO::Formula for fixed effects: expr ~  responder
2022-07-07 11:58:32 INFO::Filter data based on min abundance and min prevalence
2022-07-07 11:58:32 INFO::Total samples in data: 12
2022-07-07 11:58:32 INFO::Min samples required with min abundance for a feature not to be filtered: 0.000000
2022-07-07 11:58:32 INFO::Total filtered features: 0
2022-07-07 11:58:32 INFO::Filtered feature names from abundance and prevalence filtering:
2022-07-07 11:58:32 INFO::Total filtered features with variance filtering: 0
2022-07-07 11:58:32 INFO::Filtered feature names from variance filtering:
2022-07-07 11:58:32 INFO::Running selected normalization method: TSS
2022-07-07 11:58:32 INFO::Bypass z-score application to metadata
2022-07-07 11:58:32 INFO::Running selected transform method: AST
2022-07-07 11:58:32 INFO::Running selected analysis method: LM
2022-07-07 11:58:32 INFO::Fitting model to feature number 1, Genus.Enterococcus
2022-07-07 11:58:32 INFO::Fitting model to feature number 2, Genus.Serratia
2022-07-07 11:58:32 INFO::Fitting model to feature number 3, Genus.Pseudomonas
2022-07-07 11:58:32 INFO::Fitting model to feature number 4, Genus.Escherichia.Shigella
2022-07-07 11:58:32 INFO::Fitting model to feature number 5, Genus.Peptoniphilus
2022-07-07 11:58:32 INFO::Fitting model to feature number 6, Genus.Lactobacillus
2022-07-07 11:58:32 INFO::Fitting model to feature number 7, Genus.Propionimicrobium
2022-07-07 11:58:32 INFO::Fitting model to feature number 8, Genus.Finegoldia
2022-07-07 11:58:32 INFO::Fitting model to feature number 9, Genus.Ralstonia
2022-07-07 11:58:32 INFO::Fitting model to feature number 10, Family.Erwiniaceae
2022-07-07 11:58:32 INFO::Fitting model to feature number 11, Genus.Enhydrobacter
2022-07-07 11:58:32 INFO::Fitting model to feature number 12, Genus.Streptococcus
2022-07-07 11:58:32 INFO::Fitting model to feature number 13, Genus.Cutibacterium
2022-07-07 11:58:32 INFO::Fitting model to feature number 14, Family.Enterobacteriaceae
2022-07-07 11:58:32 INFO::Fitting model to feature number 15, Genus.Corynebacterium
2022-07-07 11:58:32 INFO::Fitting model to feature number 16, Genus.Staphylococcus
2022-07-07 11:58:32 INFO::Fitting model to feature number 17, Genus.Actinomyces
2022-07-07 11:58:32 INFO::Fitting model to feature number 18, Genus.Anaerococcus
2022-07-07 11:58:32 INFO::Fitting model to feature number 19, Genus.Porphyromonas
2022-07-07 11:58:32 INFO::Fitting model to feature number 20, Genus.Fenollaria
2022-07-07 11:58:32 INFO::Fitting model to feature number 21, Genus.Clostridium_sensu_stricto_1
2022-07-07 11:58:32 INFO::Fitting model to feature number 22, Genus.Akkermansia
2022-07-07 11:58:32 INFO::Fitting model to feature number 23, Genus.Acinetobacter
2022-07-07 11:58:32 INFO::Fitting model to feature number 24, Genus.Chloroplast
2022-07-07 11:58:32 INFO::Fitting model to feature number 25, Genus.Varibaculum
2022-07-07 11:58:32 INFO::Fitting model to feature number 26, Genus.Alkanindiges
2022-07-07 11:58:32 INFO::Fitting model to feature number 27, Genus.Blautia
2022-07-07 11:58:32 INFO::Fitting model to feature number 28, Genus.Campylobacter
2022-07-07 11:58:32 INFO::Fitting model to feature number 29, Family.Aerococcaceae
2022-07-07 11:58:32 INFO::Fitting model to feature number 30, Genus.Cupriavidus
2022-07-07 11:58:32 INFO::Fitting model to feature number 31, Genus.Negativicoccus
2022-07-07 11:58:32 INFO::Fitting model to feature number 32, Genus.Bacteroides
2022-07-07 11:58:32 INFO::Fitting model to feature number 33, Genus.Faecalibacterium
2022-07-07 11:58:32 INFO::Fitting model to feature number 34, Genus.Lawsonella
2022-07-07 11:58:32 INFO::Fitting model to feature number 35, Genus.Vibrio
2022-07-07 11:58:32 INFO::Fitting model to feature number 36, Genus.Tetragenococcus
2022-07-07 11:58:32 INFO::Fitting model to feature number 37, Genus.Bacillus
2022-07-07 11:58:32 INFO::Fitting model to feature number 38, Genus.Agathobacter
2022-07-07 11:58:32 INFO::Fitting model to feature number 39, Genus.Salipaludibacillus
2022-07-07 11:58:32 INFO::Fitting model to feature number 40, Genus.Alcaligenes
2022-07-07 11:58:32 INFO::Fitting model to feature number 41, Genus.Mycobacterium
2022-07-07 11:58:32 INFO::Fitting model to feature number 42, Genus.Proteus
2022-07-07 11:58:32 INFO::Fitting model to feature number 43, Genus.Megasphaera
2022-07-07 11:58:32 INFO::Fitting model to feature number 44, Genus.Parasutterella
2022-07-07 11:58:32 INFO::Fitting model to feature number 45, Genus.Pseudoalteromonas
2022-07-07 11:58:32 INFO::Fitting model to feature number 46, Genus.Romboutsia
2022-07-07 11:58:32 INFO::Fitting model to feature number 47, Genus.Megamonas
2022-07-07 11:58:32 INFO::Fitting model to feature number 48, Genus.Delftia
2022-07-07 11:58:32 INFO::Fitting model to feature number 49, Genus.Turicibacter
2022-07-07 11:58:32 INFO::Fitting model to feature number 50, Genus.Neisseria
2022-07-07 11:58:32 INFO::Fitting model to feature number 51, Genus.Actinotignum
2022-07-07 11:58:32 INFO::Fitting model to feature number 52, Genus.Bifidobacterium
2022-07-07 11:58:32 INFO::Fitting model to feature number 53, Genus.Muribaculaceae
2022-07-07 11:58:32 INFO::Fitting model to feature number 54, Genus.Lautropia
2022-07-07 11:58:32 INFO::Fitting model to feature number 55, Genus.Fusobacterium
2022-07-07 11:58:32 INFO::Fitting model to feature number 56, Genus.Haemophilus
2022-07-07 11:58:32 INFO::Fitting model to feature number 57, Genus.Paracoccus
2022-07-07 11:58:32 INFO::Fitting model to feature number 58, Family.Butyricicoccaceae
2022-07-07 11:58:32 INFO::Fitting model to feature number 59, Genus.Dialister
2022-07-07 11:58:32 INFO::Fitting model to feature number 60, Genus.Fusicatenibacter
2022-07-07 11:58:32 INFO::Fitting model to feature number 61, Family.Tannerellaceae
2022-07-07 11:58:32 INFO::Fitting model to feature number 62, Genus.Roseburia
2022-07-07 11:58:32 INFO::Fitting model to feature number 63, Genus.Brevundimonas
2022-07-07 11:58:32 INFO::Fitting model to feature number 64, Genus.Sphingomonas
2022-07-07 11:58:32 INFO::Fitting model to feature number 65, Genus.Veillonella
2022-07-07 11:58:32 INFO::Fitting model to feature number 66, Genus.Lactococcus
2022-07-07 11:58:32 INFO::Fitting model to feature number 67, Genus.Clostridia_UCG.014
2022-07-07 11:58:32 INFO::Fitting model to feature number 68, Genus.Gardnerella
2022-07-07 11:58:32 INFO::Fitting model to feature number 69, Genus..Ruminococcus._torques_group
2022-07-07 11:58:32 INFO::Fitting model to feature number 70, Genus.Faecalibaculum
2022-07-07 11:58:32 INFO::Fitting model to feature number 71, Genus.Prevotella
2022-07-07 11:58:32 INFO::Fitting model to feature number 72, Genus.Peptococcus
2022-07-07 11:58:32 INFO::Fitting model to feature number 73, Genus.Burkholderia.Caballeronia.Paraburkholderia
2022-07-07 11:58:32 INFO::Fitting model to feature number 74, Genus..Ruminococcus._gnavus_group
2022-07-07 11:58:32 INFO::Fitting model to feature number 75, Genus.Monoglobus
2022-07-07 11:58:32 INFO::Fitting model to feature number 76, Genus.Weissella
2022-07-07 11:58:32 INFO::Fitting model to feature number 77, Genus.Leuconostoc
2022-07-07 11:58:32 INFO::Fitting model to feature number 78, Genus.Mitochondria
2022-07-07 11:58:32 INFO::Fitting model to feature number 79, Genus.Micrococcus
2022-07-07 11:58:32 INFO::Fitting model to feature number 80, Genus.Granulicatella
2022-07-07 11:58:33 INFO::Fitting model to feature number 81, Genus.Gemella
2022-07-07 11:58:33 INFO::Fitting model to feature number 82, Genus.Aeromonas
2022-07-07 11:58:33 INFO::Fitting model to feature number 83, Genus.Bradyrhizobium
2022-07-07 11:58:33 INFO::Fitting model to feature number 84, Family.Micrococcaceae
2022-07-07 11:58:33 INFO::Fitting model to feature number 85, Genus.Phascolarctobacterium
2022-07-07 11:58:33 INFO::Fitting model to feature number 86, Genus.Dubosiella
2022-07-07 11:58:33 INFO::Fitting model to feature number 87, Genus.Kurthia
2022-07-07 11:58:33 INFO::Fitting model to feature number 88, Genus.Candidatus_Udaeobacter
2022-07-07 11:58:33 INFO::Fitting model to feature number 89, Genus.Ruminococcus
2022-07-07 11:58:33 INFO::Fitting model to feature number 90, Genus.Pedomicrobium
2022-07-07 11:58:33 INFO::Fitting model to feature number 91, Genus.Abiotrophia
2022-07-07 11:58:33 INFO::Fitting model to feature number 92, Order.Bacillales
2022-07-07 11:58:33 INFO::Fitting model to feature number 93, Genus.Flavonifractor
2022-07-07 11:58:33 INFO::Fitting model to feature number 94, Genus.Microbacteriaceae
2022-07-07 11:58:33 INFO::Fitting model to feature number 95, Genus.Sutterella
2022-07-07 11:58:33 INFO::Fitting model to feature number 96, Genus.Sandaracinobacter
2022-07-07 11:58:33 INFO::Fitting model to feature number 97, Genus.Methyloversatilis
2022-07-07 11:58:33 INFO::Fitting model to feature number 98, Family.Xanthobacteraceae
2022-07-07 11:58:33 INFO::Fitting model to feature number 99, Genus.Massilia
2022-07-07 11:58:33 INFO::Fitting model to feature number 100, Genus.Alteromonas
2022-07-07 11:58:33 INFO::Fitting model to feature number 101, Genus.Pyramidobacter
2022-07-07 11:58:33 INFO::Fitting model to feature number 102, Genus.CAG.352
2022-07-07 11:58:33 INFO::Fitting model to feature number 103, Family.Rhodobacteraceae
2022-07-07 11:58:33 INFO::Fitting model to feature number 104, Genus.Paenibacillus
2022-07-07 11:58:33 INFO::Fitting model to feature number 105, Genus.Ileibacterium
2022-07-07 11:58:33 INFO::Fitting model to feature number 106, Family.Micromonosporaceae
2022-07-07 11:58:33 INFO::Fitting model to feature number 107, Genus.Vogesella
2022-07-07 11:58:33 INFO::Fitting model to feature number 108, Genus.Acetobacter
2022-07-07 11:58:33 INFO::Fitting model to feature number 109, Genus.Phreatobacter
2022-07-07 11:58:33 INFO::Fitting model to feature number 110, Genus.Parabacteroides
2022-07-07 11:58:33 INFO::Fitting model to feature number 111, Genus.Rothia
2022-07-07 11:58:33 INFO::Fitting model to feature number 112, Genus.Anaerostipes
2022-07-07 11:58:33 INFO::Fitting model to feature number 113, Kingdom.Unassigned
2022-07-07 11:58:33 INFO::Fitting model to feature number 114, Genus.Providencia
2022-07-07 11:58:33 INFO::Fitting model to feature number 115, Genus.Desulfosporosinus
2022-07-07 11:58:33 INFO::Fitting model to feature number 116, Genus.Alistipes
2022-07-07 11:58:33 INFO::Fitting model to feature number 117, Genus.Pantoea
2022-07-07 11:58:33 INFO::Fitting model to feature number 118, Genus.UCG.005
2022-07-07 11:58:33 INFO::Fitting model to feature number 119, Genus.Candidatus_Koribacter
2022-07-07 11:58:33 INFO::Fitting model to feature number 120, Genus.Fictibacillus
2022-07-07 11:58:33 INFO::Fitting model to feature number 121, Genus.uncultured
2022-07-07 11:58:33 INFO::Fitting model to feature number 122, Genus..Eubacterium._coprostanoligenes_group
2022-07-07 11:58:33 INFO::Fitting model to feature number 123, Genus.Erysipelotrichaceae_UCG.003
2022-07-07 11:58:33 INFO::Fitting model to feature number 124, Genus.Subdoligranulum
2022-07-07 11:58:33 INFO::Fitting model to feature number 125, Family.Lachnospiraceae
2022-07-07 11:58:33 INFO::Fitting model to feature number 126, Genus.Ezakiella
2022-07-07 11:58:33 INFO::Fitting model to feature number 127, Genus.Pseudoxanthomonas
2022-07-07 11:58:33 INFO::Fitting model to feature number 128, Genus.Acidibacter
2022-07-07 11:58:33 INFO::Fitting model to feature number 129, Genus.Peptostreptococcus
2022-07-07 11:58:33 INFO::Fitting model to feature number 130, Genus.Rhodanobacter
2022-07-07 11:58:33 INFO::Fitting model to feature number 131, Genus.Lachnospira
2022-07-07 11:58:33 INFO::Fitting model to feature number 132, Genus.Rhodococcus
2022-07-07 11:58:33 INFO::Fitting model to feature number 133, Genus.Stenotrophomonas
2022-07-07 11:58:33 INFO::Fitting model to feature number 134, Family.Chromobacteriaceae
2022-07-07 11:58:33 INFO::Fitting model to feature number 135, Genus.Prevotellaceae_UCG.003
2022-07-07 11:58:33 INFO::Fitting model to feature number 136, Genus.11.24
2022-07-07 11:58:33 INFO::Fitting model to feature number 137, Genus.Candidatus_Bacilloplasma
2022-07-07 11:58:33 INFO::Fitting model to feature number 138, Genus..Eubacterium._hallii_group
2022-07-07 11:58:33 INFO::Fitting model to feature number 139, Genus.UCG.002
2022-07-07 11:58:33 INFO::Fitting model to feature number 140, Family.Comamonadaceae
2022-07-07 11:58:33 INFO::Fitting model to feature number 141, Genus.Dorea
2022-07-07 11:58:33 INFO::Fitting model to feature number 142, Genus.Coriobacteriaceae_UCG.002
2022-07-07 11:58:33 INFO::Fitting model to feature number 143, Genus.Succinivibrio
2022-07-07 11:58:33 INFO::Fitting model to feature number 144, Genus.Novosphingobium
2022-07-07 11:58:33 INFO::Fitting model to feature number 145, Genus.Morganella
2022-07-07 11:58:33 INFO::Fitting model to feature number 146, Genus.Erysipelatoclostridium
2022-07-07 11:58:33 INFO::Fitting model to feature number 147, Genus.Methyloceanibacter
2022-07-07 11:58:33 INFO::Fitting model to feature number 148, Genus.Pediococcus
2022-07-07 11:58:33 INFO::Fitting model to feature number 149, Genus.Tyzzerella
2022-07-07 11:58:33 INFO::Fitting model to feature number 150, Genus.Lachnospiraceae_NK4A136_group
2022-07-07 11:58:33 INFO::Fitting model to feature number 151, Genus..Eubacterium._eligens_group
2022-07-07 11:58:33 INFO::Fitting model to feature number 152, Genus.Alloprevotella
2022-07-07 11:58:33 INFO::Fitting model to feature number 153, Genus.Lachnoclostridium
2022-07-07 11:58:33 INFO::Fitting model to feature number 154, Genus.Caldibacillus
2022-07-07 11:58:33 INFO::Fitting model to feature number 155, Genus.Mobiluncus
2022-07-07 11:58:33 INFO::Fitting model to feature number 156, Genus.Prevotellaceae_Ga6A1_group
2022-07-07 11:58:33 INFO::Fitting model to feature number 157, Genus.Comamonas
2022-07-07 11:58:33 INFO::Fitting model to feature number 158, Genus.Porphyrobacter
2022-07-07 11:58:33 INFO::Fitting model to feature number 159, Genus.Actinobaculum
2022-07-07 11:58:33 INFO::Fitting model to feature number 160, Family.Microbacteriaceae
2022-07-07 11:58:33 INFO::Fitting model to feature number 161, Genus.Xanthomonas
2022-07-07 11:58:33 INFO::Fitting model to feature number 162, Genus.Gilliamella
2022-07-07 11:58:33 INFO::Fitting model to feature number 163, Genus.Nitrospira
2022-07-07 11:58:33 INFO::Fitting model to feature number 164, Genus.Marivita
2022-07-07 11:58:33 INFO::Fitting model to feature number 165, Genus.Tepidimonas
2022-07-07 11:58:33 INFO::Fitting model to feature number 166, Family.Intrasporangiaceae
2022-07-07 11:58:33 INFO::Fitting model to feature number 167, Genus.uncultured
2022-07-07 11:58:33 INFO::Fitting model to feature number 168, Genus.Exiguobacterium
2022-07-07 11:58:33 INFO::Fitting model to feature number 169, Genus.uncultured
2022-07-07 11:58:33 INFO::Fitting model to feature number 170, Genus.Thiobacillus
2022-07-07 11:58:33 INFO::Fitting model to feature number 171, Genus.Pseudochrobactrum
2022-07-07 11:58:33 INFO::Fitting model to feature number 172, Genus.Fastidiosipila
2022-07-07 11:58:33 INFO::Fitting model to feature number 173, Genus.Lacihabitans
2022-07-07 11:58:33 INFO::Fitting model to feature number 174, Genus.Mycoplasma
2022-07-07 11:58:33 INFO::Fitting model to feature number 175, Genus.Ochrobactrum
2022-07-07 11:58:33 INFO::Fitting model to feature number 176, Genus.Geobacillus
2022-07-07 11:58:33 INFO::Fitting model to feature number 177, Genus.hgcI_clade
2022-07-07 11:58:33 INFO::Fitting model to feature number 178, Genus.Conexibacter
2022-07-07 11:58:33 INFO::Fitting model to feature number 179, Genus.Limnobacter
2022-07-07 11:58:33 INFO::Fitting model to feature number 180, Genus.bacteriap25
2022-07-07 11:58:33 INFO::Fitting model to feature number 181, Genus.Ureaplasma
2022-07-07 11:58:33 INFO::Fitting model to feature number 182, Family.Lactobacillaceae
2022-07-07 11:58:33 INFO::Fitting model to feature number 183, Genus.Tumebacillus
2022-07-07 11:58:33 INFO::Fitting model to feature number 184, Genus.Glutamicibacter
2022-07-07 11:58:33 INFO::Fitting model to feature number 185, Genus.Cetobacterium
2022-07-07 11:58:33 INFO::Fitting model to feature number 186, Genus.Chitinophaga
2022-07-07 11:58:33 INFO::Fitting model to feature number 187, Genus.Snodgrassella
2022-07-07 11:58:33 INFO::Fitting model to feature number 188, Genus.Streptomyces
2022-07-07 11:58:33 INFO::Fitting model to feature number 189, Genus.Desulfovibrio
2022-07-07 11:58:33 INFO::Fitting model to feature number 190, Genus.Allobaculum
2022-07-07 11:58:33 INFO::Fitting model to feature number 191, Family.Sporichthyaceae
2022-07-07 11:58:33 INFO::Fitting model to feature number 192, Genus.S5.A14a
2022-07-07 11:58:33 INFO::Fitting model to feature number 193, Genus.Cellvibrio
2022-07-07 11:58:33 INFO::Fitting model to feature number 194, Genus.Bilophila
2022-07-07 11:58:33 INFO::Fitting model to feature number 195, Genus.uncultured
2022-07-07 11:58:33 INFO::Fitting model to feature number 196, Order.Enterobacterales
2022-07-07 11:58:33 INFO::Fitting model to feature number 197, Genus.Collinsella
2022-07-07 11:58:33 INFO::Fitting model to feature number 198, Genus.Aurantimicrobium
2022-07-07 11:58:33 INFO::Fitting model to feature number 199, Genus.Nevskia
2022-07-07 11:58:33 INFO::Fitting model to feature number 200, Genus.Chryseobacterium
2022-07-07 11:58:33 INFO::Fitting model to feature number 201, Genus.Kocuria
2022-07-07 11:58:33 INFO::Fitting model to feature number 202, Genus.Rhodomicrobium
2022-07-07 11:58:33 INFO::Fitting model to feature number 203, Genus.Peptoclostridium
2022-07-07 11:58:33 INFO::Fitting model to feature number 204, Genus.Acidothermus
2022-07-07 11:58:33 INFO::Fitting model to feature number 205, Genus.Janthinobacterium
2022-07-07 11:58:33 INFO::Fitting model to feature number 206, Genus.Lachnospiraceae_UCG.006
2022-07-07 11:58:33 INFO::Fitting model to feature number 207, Genus..Eubacterium._nodatum_group
2022-07-07 11:58:33 INFO::Fitting model to feature number 208, Genus.Pseudolabrys
2022-07-07 11:58:33 INFO::Fitting model to feature number 209, Genus.Candidatus_Aquiluna
2022-07-07 11:58:33 INFO::Fitting model to feature number 210, Genus.Sulfuritalea
2022-07-07 11:58:33 INFO::Fitting model to feature number 211, Genus.Thauera
2022-07-07 11:58:33 INFO::Fitting model to feature number 212, Genus.Muribaculum
2022-07-07 11:58:33 INFO::Fitting model to feature number 213, Genus.Methylobacterium.Methylorubrum
2022-07-07 11:58:33 INFO::Fitting model to feature number 214, Genus.Rhodobacter
2022-07-07 11:58:33 INFO::Fitting model to feature number 215, Genus.Sporolactobacillus
2022-07-07 11:58:33 INFO::Fitting model to feature number 216, Genus.Motilimonas
2022-07-07 11:58:33 INFO::Fitting model to feature number 217, Genus.Allorhizobium.Neorhizobium.Pararhizobium.Rhizobium
2022-07-07 11:58:33 INFO::Fitting model to feature number 218, Genus.Microbacterium
2022-07-07 11:58:33 INFO::Fitting model to feature number 219, Genus.Atopobium
2022-07-07 11:58:33 INFO::Fitting model to feature number 220, Genus.67.14
2022-07-07 11:58:33 INFO::Fitting model to feature number 221, Genus.Methylophilus
2022-07-07 11:58:33 INFO::Fitting model to feature number 222, Genus.Succiniclasticum
2022-07-07 11:58:33 INFO::Fitting model to feature number 223, Genus.Proteocatella
2022-07-07 11:58:33 INFO::Fitting model to feature number 224, Family.Streptomycetaceae
2022-07-07 11:58:33 INFO::Fitting model to feature number 225, Genus.Imtechella
2022-07-07 11:58:33 INFO::Fitting model to feature number 226, Family.Oscillospiraceae
2022-07-07 11:58:33 INFO::Fitting model to feature number 227, Genus.Rubrobacter
2022-07-07 11:58:33 INFO::Fitting model to feature number 228, Genus.Amaricoccus
2022-07-07 11:58:33 INFO::Fitting model to feature number 229, Genus.Phyllobacterium
2022-07-07 11:58:33 INFO::Fitting model to feature number 230, Family.Pasteurellaceae
2022-07-07 11:58:33 INFO::Fitting model to feature number 231, Genus.Prevotellaceae_UCG.004
2022-07-07 11:58:33 INFO::Fitting model to feature number 232, Genus.Uruburuella
2022-07-07 11:58:33 INFO::Fitting model to feature number 233, Genus.Helicobacter
2022-07-07 11:58:33 INFO::Fitting model to feature number 234, Genus..Eubacterium._xylanophilum_group
2022-07-07 11:58:33 INFO::Fitting model to feature number 235, Genus.uncultured
2022-07-07 11:58:33 INFO::Fitting model to feature number 236, Genus.uncultured
2022-07-07 11:58:33 INFO::Fitting model to feature number 237, Genus.uncultured
2022-07-07 11:58:33 INFO::Fitting model to feature number 238, Genus.Amylibacter
2022-07-07 11:58:33 INFO::Fitting model to feature number 239, Genus.Vagococcus
2022-07-07 11:58:33 INFO::Fitting model to feature number 240, Genus.Cloacibacterium
2022-07-07 11:58:33 INFO::Fitting model to feature number 241, Genus.Clostridia_vadinBB60_group
2022-07-07 11:58:34 INFO::Fitting model to feature number 242, Genus.Sphingobium
2022-07-07 11:58:34 INFO::Fitting model to feature number 243, Genus.Variovorax
2022-07-07 11:58:34 INFO::Fitting model to feature number 244, Genus..Clostridium._innocuum_group
2022-07-07 11:58:34 INFO::Fitting model to feature number 245, Genus.uncultured
2022-07-07 11:58:34 INFO::Fitting model to feature number 246, Genus.Puia
2022-07-07 11:58:34 INFO::Fitting model to feature number 247, Genus.Murdochiella
2022-07-07 11:58:34 INFO::Fitting model to feature number 248, Genus.Blastococcus
2022-07-07 11:58:34 INFO::Fitting model to feature number 249, Genus.Butyricicoccus
2022-07-07 11:58:34 INFO::Fitting model to feature number 250, Genus.Nitrosomonas
2022-07-07 11:58:34 INFO::Fitting model to feature number 251, Genus.Holdemanella
2022-07-07 11:58:34 INFO::Fitting model to feature number 252, Genus.uncultured
2022-07-07 11:58:34 INFO::Fitting model to feature number 253, Genus.Paenarthrobacter
2022-07-07 11:58:34 INFO::Fitting model to feature number 254, Genus.uncultured
2022-07-07 11:58:34 INFO::Fitting model to feature number 255, Genus.Devosia
2022-07-07 11:58:34 INFO::Fitting model to feature number 256, Genus.Chryseomicrobium
2022-07-07 11:58:34 INFO::Fitting model to feature number 257, Genus.Lachnospiraceae_ND3007_group
2022-07-07 11:58:34 INFO::Fitting model to feature number 258, Genus.Christensenellaceae_R.7_group
2022-07-07 11:58:34 INFO::Fitting model to feature number 259, Genus..Ruminococcus._gauvreauii_group
2022-07-07 11:58:34 INFO::Fitting model to feature number 260, Genus.Acetomicrobium
2022-07-07 11:58:34 INFO::Fitting model to feature number 261, Genus.Nocardioides
2022-07-07 11:58:34 INFO::Fitting model to feature number 262, Genus.Anaerotruncus
2022-07-07 11:58:34 INFO::Fitting model to feature number 263, Genus.Ramlibacter
2022-07-07 11:58:34 INFO::Fitting model to feature number 264, Genus.SC.I.84
2022-07-07 11:58:34 INFO::Fitting model to feature number 265, Genus.Deinococcus
2022-07-07 11:58:34 INFO::Fitting model to feature number 266, Genus.Steroidobacter
2022-07-07 11:58:34 INFO::Fitting model to feature number 267, Genus.Chromohalobacter
2022-07-07 11:58:34 INFO::Fitting model to feature number 268, Genus.Constrictibacter
2022-07-07 11:58:34 INFO::Fitting model to feature number 269, Genus.uncultured
2022-07-07 11:58:34 INFO::Fitting model to feature number 270, Genus.JG30.KF.AS9
2022-07-07 11:58:34 INFO::Fitting model to feature number 271, Genus.Coprococcus
2022-07-07 11:58:34 INFO::Fitting model to feature number 272, Genus.Rodentibacter
2022-07-07 11:58:34 INFO::Fitting model to feature number 273, Genus.Alcanivorax
2022-07-07 11:58:34 INFO::Fitting model to feature number 274, Genus.uncultured
2022-07-07 11:58:34 INFO::Fitting model to feature number 275, Genus.uncultured
2022-07-07 11:58:34 INFO::Fitting model to feature number 276, Order.Micrococcales
2022-07-07 11:58:34 INFO::Fitting model to feature number 277, Family.Gemmatimonadaceae
2022-07-07 11:58:34 INFO::Fitting model to feature number 278, Genus.TRA3.20
2022-07-07 11:58:34 INFO::Fitting model to feature number 279, Genus.Anaeromyxobacter
2022-07-07 11:58:34 INFO::Fitting model to feature number 280, Genus.Alicyclobacillus
2022-07-07 11:58:34 INFO::Fitting model to feature number 281, Genus.uncultured
2022-07-07 11:58:34 INFO::Fitting model to feature number 282, Genus.Colidextribacter
2022-07-07 11:58:34 INFO::Fitting model to feature number 283, Genus.Chryseolinea
2022-07-07 11:58:34 INFO::Fitting model to feature number 284, Genus.Caulobacter
2022-07-07 11:58:34 INFO::Fitting model to feature number 285, Genus.KI89A_clade
2022-07-07 11:58:34 INFO::Fitting model to feature number 286, Genus.Terrisporobacter
2022-07-07 11:58:34 INFO::Fitting model to feature number 287, Genus.Jeotgalicoccus
2022-07-07 11:58:34 INFO::Fitting model to feature number 288, Genus.RF39
2022-07-07 11:58:34 INFO::Fitting model to feature number 289, Genus.uncultured
2022-07-07 11:58:34 INFO::Fitting model to feature number 290, Genus.Odoribacter
2022-07-07 11:58:34 INFO::Fitting model to feature number 291, Genus.uncultured
2022-07-07 11:58:34 INFO::Fitting model to feature number 292, Genus.Solobacterium
2022-07-07 11:58:34 INFO::Fitting model to feature number 293, Genus.Schlegelella
2022-07-07 11:58:34 INFO::Fitting model to feature number 294, Genus.Salinicoccus
2022-07-07 11:58:34 INFO::Fitting model to feature number 295, Genus.Saccharofermentans
2022-07-07 11:58:34 INFO::Fitting model to feature number 296, Genus.LiUU.11.161
2022-07-07 11:58:34 INFO::Fitting model to feature number 297, Genus.Duganella
2022-07-07 11:58:34 INFO::Fitting model to feature number 298, Genus.Candidatus_Competibacter
2022-07-07 11:58:34 INFO::Fitting model to feature number 299, Genus.Hydrogenophaga
2022-07-07 11:58:34 INFO::Fitting model to feature number 300, Genus.Dermabacter
2022-07-07 11:58:34 INFO::Fitting model to feature number 301, Genus.Azospira
2022-07-07 11:58:34 INFO::Fitting model to feature number 302, Genus.Kapabacteriales
2022-07-07 11:58:34 INFO::Fitting model to feature number 303, Genus.uncultured
2022-07-07 11:58:34 INFO::Fitting model to feature number 304, Genus.Petrimonas
2022-07-07 11:58:34 INFO::Fitting model to feature number 305, Genus.Luedemannella
2022-07-07 11:58:34 INFO::Fitting model to feature number 306, Genus.Gaiella
2022-07-07 11:58:34 INFO::Fitting model to feature number 307, Genus.Aerococcus
2022-07-07 11:58:34 INFO::Fitting model to feature number 308, Genus.Olsenella
2022-07-07 11:58:34 INFO::Fitting model to feature number 309, Genus.Qipengyuania
2022-07-07 11:58:34 INFO::Fitting model to feature number 310, Family.Oxalobacteraceae
2022-07-07 11:58:34 INFO::Fitting model to feature number 311, Genus.Sellimonas
2022-07-07 11:58:34 INFO::Fitting model to feature number 312, Genus.Rikenellaceae_RC9_gut_group
2022-07-07 11:58:34 INFO::Fitting model to feature number 313, Genus.Desulfatiglans
2022-07-07 11:58:34 INFO::Fitting model to feature number 314, Genus.Defluviicoccus
2022-07-07 11:58:34 INFO::Fitting model to feature number 315, Genus.UBA10353_marine_group
2022-07-07 11:58:34 INFO::Fitting model to feature number 316, Genus.Geobacter
2022-07-07 11:58:34 INFO::Fitting model to feature number 317, Genus.OM43_clade
2022-07-07 11:58:34 INFO::Fitting model to feature number 318, Genus.Mucispirillum
2022-07-07 11:58:34 INFO::Fitting model to feature number 319, Genus.uncultured
2022-07-07 11:58:34 INFO::Fitting model to feature number 320, Genus.Subgroup_2
2022-07-07 11:58:34 INFO::Fitting model to feature number 321, Genus..Eubacterium._ruminantium_group
2022-07-07 11:58:34 INFO::Fitting model to feature number 322, Genus.Legionella
2022-07-07 11:58:34 INFO::Fitting model to feature number 323, Genus.Succinivibrionaceae_UCG.001
2022-07-07 11:58:34 INFO::Fitting model to feature number 324, Genus.Paeniclostridium
2022-07-07 11:58:34 INFO::Fitting model to feature number 325, Genus.Faecalitalea
2022-07-07 11:58:34 INFO::Fitting model to feature number 326, Kingdom.d__Bacteria
2022-07-07 11:58:34 INFO::Fitting model to feature number 327, Genus.Actinospica
2022-07-07 11:58:34 INFO::Fitting model to feature number 328, Genus.Brevibacterium
2022-07-07 11:58:34 INFO::Fitting model to feature number 329, Genus.Clostridium_sensu_stricto_11
2022-07-07 11:58:34 INFO::Fitting model to feature number 330, Genus.uncultured
2022-07-07 11:58:34 INFO::Fitting model to feature number 331, Genus.Methyloligellaceae
2022-07-07 11:58:34 INFO::Fitting model to feature number 332, Genus.uncultured
2022-07-07 11:58:34 INFO::Fitting model to feature number 333, Genus.UBA1819
2022-07-07 11:58:34 INFO::Fitting model to feature number 334, Genus.Thermovirga
2022-07-07 11:58:34 INFO::Fitting model to feature number 335, Genus.uncultured
2022-07-07 11:58:34 INFO::Fitting model to feature number 336, Genus.Candidatus_Brocadia
2022-07-07 11:58:34 INFO::Fitting model to feature number 337, Class.Bacilli
2022-07-07 11:58:34 INFO::Fitting model to feature number 338, Genus.Rikenella
2022-07-07 11:58:34 INFO::Fitting model to feature number 339, Genus.uncultured
2022-07-07 11:58:34 INFO::Fitting model to feature number 340, Genus.Achromobacter
2022-07-07 11:58:34 INFO::Fitting model to feature number 341, Genus.Peptoanaerobacter
2022-07-07 11:58:34 INFO::Fitting model to feature number 342, Genus.Atopostipes
2022-07-07 11:58:34 INFO::Fitting model to feature number 343, Genus.Gallibacterium
2022-07-07 11:58:34 INFO::Fitting model to feature number 344, Genus.CL500.29_marine_group
2022-07-07 11:58:34 INFO::Fitting model to feature number 345, Genus.A21b
2022-07-07 11:58:34 INFO::Fitting model to feature number 346, Genus.Kytococcus
2022-07-07 11:58:34 INFO::Fitting model to feature number 347, Family.Sphingomonadaceae
2022-07-07 11:58:34 INFO::Fitting model to feature number 348, Genus.Anaerobranca
2022-07-07 11:58:34 INFO::Fitting model to feature number 349, Genus.Clade_Ia
2022-07-07 11:58:34 INFO::Fitting model to feature number 350, Genus.Blvii28_wastewater.sludge_group
2022-07-07 11:58:34 INFO::Fitting model to feature number 351, Genus.Algoriphagus
2022-07-07 11:58:34 INFO::Fitting model to feature number 352, Genus.Sporosarcina
2022-07-07 11:58:34 INFO::Fitting model to feature number 353, Genus.Curvibacter
2022-07-07 11:58:34 INFO::Fitting model to feature number 354, Class.Gammaproteobacteria
2022-07-07 11:58:34 INFO::Fitting model to feature number 355, Genus.Limibaculum
2022-07-07 11:58:34 INFO::Fitting model to feature number 356, Genus.Catenovulum
2022-07-07 11:58:34 INFO::Fitting model to feature number 357, Genus.Erysipelotrichaceae
2022-07-07 11:58:34 INFO::Fitting model to feature number 358, Genus.Lineage_IIa
2022-07-07 11:58:34 INFO::Fitting model to feature number 359, Genus.uncultured
2022-07-07 11:58:34 INFO::Fitting model to feature number 360, Genus.Subgroup_5
2022-07-07 11:58:34 INFO::Fitting model to feature number 361, Genus.Dehalobacter
2022-07-07 11:58:34 INFO::Fitting model to feature number 362, Family.Veillonellaceae
2022-07-07 11:58:34 INFO::Fitting model to feature number 363, Genus..Eubacterium._ventriosum_group
2022-07-07 11:58:34 INFO::Fitting model to feature number 364, Genus.Acidithiobacillus
2022-07-07 11:58:34 INFO::Fitting model to feature number 365, Genus.Ellin516
2022-07-07 11:58:34 INFO::Fitting model to feature number 366, Genus.uncultured
2022-07-07 11:58:34 INFO::Fitting model to feature number 367, Genus.uncultured
2022-07-07 11:58:34 INFO::Fitting model to feature number 368, Genus.uncultured
2022-07-07 11:58:34 INFO::Fitting model to feature number 369, Genus.Blastomonas
2022-07-07 11:58:34 INFO::Fitting model to feature number 370, Genus.Dehalococcoides
2022-07-07 11:58:34 INFO::Fitting model to feature number 371, Genus.Arenimonas
2022-07-07 11:58:34 INFO::Fitting model to feature number 372, Genus.uncultured
2022-07-07 11:58:34 INFO::Fitting model to feature number 373, Genus.Propionibacterium
2022-07-07 11:58:34 INFO::Fitting model to feature number 374, Genus.Butyricimonas
2022-07-07 11:58:34 INFO::Fitting model to feature number 375, Genus.uncultured
2022-07-07 11:58:34 INFO::Fitting model to feature number 376, Genus.Pseudofulvimonas
2022-07-07 11:58:34 INFO::Fitting model to feature number 377, Genus.uncultured
2022-07-07 11:58:34 INFO::Fitting model to feature number 378, Genus.A4b
2022-07-07 11:58:34 INFO::Fitting model to feature number 379, Genus.Pedobacter
2022-07-07 11:58:34 INFO::Fitting model to feature number 380, Genus.Subgroup_17
2022-07-07 11:58:35 INFO::Counting total values for each feature
2022-07-07 11:58:35 WARNING::Deleting existing residuals file: Maaslin2 results Timepoint1/residuals.rds
2022-07-07 11:58:35 INFO::Writing residuals to file Maaslin2 results Timepoint1/residuals.rds
2022-07-07 11:58:35 WARNING::Deleting existing fitted file: Maaslin2 results Timepoint1/fitted.rds
2022-07-07 11:58:35 INFO::Writing fitted values to file Maaslin2 results Timepoint1/fitted.rds
2022-07-07 11:58:35 INFO::Writing all results to file (ordered by increasing q-values): Maaslin2 results Timepoint1/all_results.tsv
2022-07-07 11:58:35 INFO::Writing the significant results (those which are less than or equal to the threshold of 0.250000 ) to file (ordered by increasing q-values): Maaslin2 results Timepoint1/significant_results.tsv
2022-07-07 11:58:35 INFO::Writing heatmap of significant results to file: Maaslin2 results Timepoint1/heatmap.pdf
2022-07-07 11:58:35 INFO::Writing association plots (one for each significant association) to output folder: Maaslin2 results Timepoint1
2022-07-07 11:58:35 INFO::Plotting associations from most to least significant, grouped by metadata
2022-07-07 11:58:35 INFO::Plotting data for metadata number 1, responder
2022-07-07 11:58:35 INFO::Creating boxplot for categorical data, responder vs Genus.Enhydrobacter
2022-07-07 11:58:35 INFO::Creating boxplot for categorical data, responder vs Genus.Salipaludibacillus
2022-07-07 11:58:35 INFO::Creating boxplot for categorical data, responder vs Genus.Lachnospiraceae_NK4A136_group
2022-07-07 11:58:35 INFO::Creating boxplot for categorical data, responder vs Genus.Collinsella
2022-07-07 11:58:36 INFO::Creating boxplot for categorical data, responder vs Genus.Legionella
2022-07-07 11:58:36 INFO::Creating boxplot for categorical data, responder vs Genus.Alloprevotella
