2022-07-07 17:39:00 INFO::Writing function arguments to log file
2022-07-07 17:39:00 DEBUG::Function arguments
2022-07-07 17:39:00 DEBUG::Output folder: BBN - Maaslin2 results Treatment
2022-07-07 17:39:00 DEBUG::Min Abundance: 0.000000
2022-07-07 17:39:00 DEBUG::Min Prevalence: 0.000000
2022-07-07 17:39:00 DEBUG::Normalization: TSS
2022-07-07 17:39:00 DEBUG::Transform: AST
2022-07-07 17:39:00 DEBUG::Analysis method: LM
2022-07-07 17:39:00 DEBUG::Max significance: 0.250000
2022-07-07 17:39:00 DEBUG::Random effects:
2022-07-07 17:39:00 DEBUG::Fixed effects: treatment.group
2022-07-07 17:39:00 DEBUG::Correction method: BH
2022-07-07 17:39:00 DEBUG::Standardize: FALSE
2022-07-07 17:39:00 DEBUG::Cores: 1
2022-07-07 17:39:00 INFO::Verifying options selected are valid
2022-07-07 17:39:00 INFO::Determining format of input files
2022-07-07 17:39:00 INFO::Input format is data samples as rows and metadata samples as rows
2022-07-07 17:39:00 DEBUG::A total of 10 samples were found in both the data and metadata
2022-07-07 17:39:00 DEBUG::Reordering data/metadata to use same sample ordering
2022-07-07 17:39:00 INFO::Formula for fixed effects: expr ~  treatment.group
2022-07-07 17:39:00 INFO::Filter data based on min abundance and min prevalence
2022-07-07 17:39:00 INFO::Total samples in data: 10
2022-07-07 17:39:00 INFO::Min samples required with min abundance for a feature not to be filtered: 0.000000
2022-07-07 17:39:00 INFO::Total filtered features: 0
2022-07-07 17:39:00 INFO::Filtered feature names from abundance and prevalence filtering:
2022-07-07 17:39:00 INFO::Total filtered features with variance filtering: 0
2022-07-07 17:39:00 INFO::Filtered feature names from variance filtering:
2022-07-07 17:39:00 INFO::Running selected normalization method: TSS
2022-07-07 17:39:00 INFO::Bypass z-score application to metadata
2022-07-07 17:39:00 INFO::Running selected transform method: AST
2022-07-07 17:39:00 INFO::Running selected analysis method: LM
2022-07-07 17:39:00 INFO::Fitting model to feature number 1, Family.Enterobacteriaceae
2022-07-07 17:39:00 INFO::Fitting model to feature number 2, Family.S24.7
2022-07-07 17:39:00 INFO::Fitting model to feature number 3, Genus.Akkermansia
2022-07-07 17:39:00 INFO::Fitting model to feature number 4, Genus.Prevotella
2022-07-07 17:39:00 INFO::Fitting model to feature number 5, Genus.Lactobacillus
2022-07-07 17:39:00 INFO::Fitting model to feature number 6, Family.Rikenellaceae
2022-07-07 17:39:00 INFO::Fitting model to feature number 7, Genus.Odoribacter
2022-07-07 17:39:00 INFO::Fitting model to feature number 8, Genus.Zoogloea
2022-07-07 17:39:00 INFO::Fitting model to feature number 9, Genus.Sutterella
2022-07-07 17:39:00 INFO::Fitting model to feature number 10, Order.Clostridiales
2022-07-07 17:39:00 INFO::Fitting model to feature number 11, Family.Lachnospiraceae
2022-07-07 17:39:00 INFO::Fitting model to feature number 12, Genus.Arcobacter
2022-07-07 17:39:00 INFO::Fitting model to feature number 13, Genus.Allobaculum
2022-07-07 17:39:00 INFO::Fitting model to feature number 14, Genus.Acinetobacter
2022-07-07 17:39:00 INFO::Fitting model to feature number 15, Order.RF39
2022-07-07 17:39:00 INFO::Fitting model to feature number 16, Genus.Oscillospira
2022-07-07 17:39:00 INFO::Fitting model to feature number 17, Genus.Stenotrophomonas
2022-07-07 17:39:00 INFO::Fitting model to feature number 18, Genus.Wolbachia
2022-07-07 17:39:00 INFO::Fitting model to feature number 19, Order.YS2
2022-07-07 17:39:00 INFO::Fitting model to feature number 20, Genus.Enterococcus
2022-07-07 17:39:00 INFO::Fitting model to feature number 21, Genus..Ruminococcus.
2022-07-07 17:39:00 INFO::Fitting model to feature number 22, Family.Comamonadaceae
2022-07-07 17:39:00 INFO::Fitting model to feature number 23, Genus.Bacillus
2022-07-07 17:39:00 INFO::Fitting model to feature number 24, Family.F16
2022-07-07 17:39:00 INFO::Fitting model to feature number 25, Genus.Desulfovibrio
2022-07-07 17:39:00 INFO::Fitting model to feature number 26, Genus.Rickettsia
2022-07-07 17:39:00 INFO::Fitting model to feature number 27, Genus.Ruminococcus
2022-07-07 17:39:00 INFO::Fitting model to feature number 28, Genus.AF12
2022-07-07 17:39:00 INFO::Fitting model to feature number 29, Genus.Acidaminobacter
2022-07-07 17:39:00 INFO::Fitting model to feature number 30, Genus.Gemmiger
2022-07-07 17:39:00 INFO::Fitting model to feature number 31, Genus.Rheinheimera
2022-07-07 17:39:00 INFO::Fitting model to feature number 32, Genus.Dorea
2022-07-07 17:39:00 INFO::Fitting model to feature number 33, Family.Ruminococcaceae
2022-07-07 17:39:00 INFO::Fitting model to feature number 34, Genus.Ralstonia
2022-07-07 17:39:00 INFO::Fitting model to feature number 35, Genus.Coprococcus
2022-07-07 17:39:00 INFO::Fitting model to feature number 36, Order.RF32
2022-07-07 17:39:00 INFO::Fitting model to feature number 37, Genus.Corynebacterium
2022-07-07 17:39:00 INFO::Fitting model to feature number 38, Genus.Dehalobacterium
2022-07-07 17:39:00 INFO::Fitting model to feature number 39, Genus.Anaeroplasma
2022-07-07 17:39:00 INFO::Fitting model to feature number 40, Genus.Staphylococcus
2022-07-07 17:39:00 INFO::Fitting model to feature number 41, Genus.Vogesella
2022-07-07 17:39:00 INFO::Fitting model to feature number 42, Genus.Anaerostipes
2022-07-07 17:39:00 INFO::Fitting model to feature number 43, Genus.Blautia
2022-07-07 17:39:00 INFO::Fitting model to feature number 44, Genus.Roseburia
2022-07-07 17:39:00 INFO::Fitting model to feature number 45, Genus.Streptococcus
2022-07-07 17:39:00 INFO::Fitting model to feature number 46, Genus.Lachnospira
2022-07-07 17:39:00 INFO::Fitting model to feature number 47, Genus.Fusibacter
2022-07-07 17:39:00 INFO::Fitting model to feature number 48, Family.Peptostreptococcaceae
2022-07-07 17:39:00 INFO::Fitting model to feature number 49, Genus.Adlercreutzia
2022-07-07 17:39:00 INFO::Fitting model to feature number 50, Genus.Hydrogenophaga
2022-07-07 17:39:00 INFO::Fitting model to feature number 51, Genus.Dialister
2022-07-07 17:39:00 INFO::Fitting model to feature number 52, Family..Mogibacteriaceae.
2022-07-07 17:39:00 INFO::Fitting model to feature number 53, Genus.Butyricicoccus
2022-07-07 17:39:00 INFO::Fitting model to feature number 54, Genus.Flavobacterium
2022-07-07 17:39:00 INFO::Fitting model to feature number 55, Genus.Cytophaga
2022-07-07 17:39:00 INFO::Fitting model to feature number 56, Genus.Clostridium
2022-07-07 17:39:00 INFO::Fitting model to feature number 57, Genus.Serratia
2022-07-07 17:39:00 INFO::Fitting model to feature number 58, Genus.Bifidobacterium
2022-07-07 17:39:01 INFO::Fitting model to feature number 59, Genus.Rothia
2022-07-07 17:39:01 INFO::Fitting model to feature number 60, Family.Nocardioidaceae
2022-07-07 17:39:01 INFO::Fitting model to feature number 61, Genus.Sphingomonas
2022-07-07 17:39:01 INFO::Fitting model to feature number 62, Genus.Phyllobacterium
2022-07-07 17:39:01 INFO::Fitting model to feature number 63, Genus.Rhodococcus
2022-07-07 17:39:01 INFO::Fitting model to feature number 64, Genus.Clostridium
2022-07-07 17:39:01 INFO::Fitting model to feature number 65, Genus.Bacteroides
2022-07-07 17:39:01 INFO::Fitting model to feature number 66, Genus.Turicibacter
2022-07-07 17:39:01 INFO::Fitting model to feature number 67, Genus.Faecalibacterium
2022-07-07 17:39:01 INFO::Fitting model to feature number 68, Genus.Wautersiella
2022-07-07 17:39:01 INFO::Fitting model to feature number 69, Genus.Solibacillus
2022-07-07 17:39:01 INFO::Fitting model to feature number 70, Genus.Cloacibacterium
2022-07-07 17:39:01 INFO::Fitting model to feature number 71, Genus.Clostridium
2022-07-07 17:39:01 INFO::Fitting model to feature number 72, Genus.Shigella
2022-07-07 17:39:01 INFO::Fitting model to feature number 73, Genus.Brevundimonas
2022-07-07 17:39:01 INFO::Fitting model to feature number 74, Family.Aeromonadaceae
2022-07-07 17:39:01 INFO::Fitting model to feature number 75, Family.Bacteriovoracaceae
2022-07-07 17:39:01 INFO::Fitting model to feature number 76, Family.Pseudomonadaceae
2022-07-07 17:39:01 INFO::Fitting model to feature number 77, Genus.Nitrospira
2022-07-07 17:39:01 INFO::Fitting model to feature number 78, Order.Streptophyta
2022-07-07 17:39:01 INFO::Fitting model to feature number 79, Order.HOC36
2022-07-07 17:39:01 INFO::Fitting model to feature number 80, Genus.Parabacteroides
2022-07-07 17:39:01 INFO::Fitting model to feature number 81, Order.Actinomycetales
2022-07-07 17:39:01 INFO::Fitting model to feature number 82, Genus.Rikenella
2022-07-07 17:39:01 INFO::Fitting model to feature number 83, Family.Gemellaceae
2022-07-07 17:39:01 INFO::Fitting model to feature number 84, Family.Pasteurellaceae
2022-07-07 17:39:01 INFO::Fitting model to feature number 85, Family.Erysipelotrichaceae
2022-07-07 17:39:01 INFO::Fitting model to feature number 86, Genus.Granulicatella
2022-07-07 17:39:01 INFO::Fitting model to feature number 87, Genus.Veillonella
2022-07-07 17:39:01 INFO::Fitting model to feature number 88, Genus.Neisseria
2022-07-07 17:39:01 INFO::Fitting model to feature number 89, Genus.Paludibacter
2022-07-07 17:39:01 INFO::Fitting model to feature number 90, Genus.Candidatus.Arthromitus
2022-07-07 17:39:01 INFO::Fitting model to feature number 91, Genus.Chryseobacterium
2022-07-07 17:39:01 INFO::Fitting model to feature number 92, Genus.Collinsella
2022-07-07 17:39:01 INFO::Fitting model to feature number 93, Family.Peptococcaceae
2022-07-07 17:39:01 INFO::Fitting model to feature number 94, Family.Sinobacteraceae
2022-07-07 17:39:01 INFO::Fitting model to feature number 95, Class.BD1.5
2022-07-07 17:39:01 INFO::Fitting model to feature number 96, Genus.Dokdonella
2022-07-07 17:39:01 INFO::Fitting model to feature number 97, Genus.PSB.M.3
2022-07-07 17:39:01 INFO::Fitting model to feature number 98, Genus.Fluviicola
2022-07-07 17:39:01 INFO::Fitting model to feature number 99, Family.Microthrixaceae
2022-07-07 17:39:01 INFO::Fitting model to feature number 100, Family.Christensenellaceae
2022-07-07 17:39:01 INFO::Fitting model to feature number 101, Order.Acidimicrobiales
2022-07-07 17:39:01 INFO::Fitting model to feature number 102, Genus.Proteus
2022-07-07 17:39:01 INFO::Fitting model to feature number 103, Class.Betaproteobacteria
2022-07-07 17:39:01 INFO::Fitting model to feature number 104, Family.Methylophilaceae
2022-07-07 17:39:01 INFO::Fitting model to feature number 105, Genus.Brevibacterium
2022-07-07 17:39:01 INFO::Fitting model to feature number 106, Genus.Elizabethkingia
2022-07-07 17:39:01 INFO::Fitting model to feature number 107, Order.DRC31
2022-07-07 17:39:01 INFO::Fitting model to feature number 108, Genus.Streptomyces
2022-07-07 17:39:01 INFO::Fitting model to feature number 109, Genus.Shewanella
2022-07-07 17:39:01 INFO::Fitting model to feature number 110, Genus.Weissella
2022-07-07 17:39:01 INFO::Fitting model to feature number 111, Genus.Oribacterium
2022-07-07 17:39:01 INFO::Fitting model to feature number 112, Genus.Morganella
2022-07-07 17:39:01 INFO::Fitting model to feature number 113, Genus.Rhodobacter
2022-07-07 17:39:01 INFO::Fitting model to feature number 114, Genus.Bulleidia
2022-07-07 17:39:01 INFO::Fitting model to feature number 115, Genus.Megamonas
2022-07-07 17:39:01 INFO::Fitting model to feature number 116, Genus.Allochromatium
2022-07-07 17:39:01 INFO::Fitting model to feature number 117, Genus.Marinobacter
2022-07-07 17:39:01 INFO::Fitting model to feature number 118, Genus.Sphingobacterium
2022-07-07 17:39:01 INFO::Fitting model to feature number 119, Order.CCU21
2022-07-07 17:39:01 INFO::Fitting model to feature number 120, Genus.Jeotgalicoccus
2022-07-07 17:39:01 INFO::Fitting model to feature number 121, Family.C111
2022-07-07 17:39:01 INFO::Fitting model to feature number 122, Genus.Phascolarctobacterium
2022-07-07 17:39:01 INFO::Fitting model to feature number 123, Genus.Actinomyces
2022-07-07 17:39:01 INFO::Fitting model to feature number 124, Family.Chitinophagaceae
2022-07-07 17:39:01 INFO::Fitting model to feature number 125, Order.DS.100
2022-07-07 17:39:01 INFO::Fitting model to feature number 126, Genus.Pseudomonas
2022-07-07 17:39:01 INFO::Fitting model to feature number 127, Genus.Shinella
2022-07-07 17:39:01 INFO::Fitting model to feature number 128, Phylum.Bacteroidetes
2022-07-07 17:39:01 INFO::Fitting model to feature number 129, Family.Oxalobacteraceae
2022-07-07 17:39:01 INFO::Fitting model to feature number 130, Class.Gemm.1
2022-07-07 17:39:01 INFO::Fitting model to feature number 131, Genus.Megasphaera
2022-07-07 17:39:01 INFO::Fitting model to feature number 132, Genus.Photobacterium
2022-07-07 17:39:01 INFO::Fitting model to feature number 133, Family.Xanthomonadaceae
2022-07-07 17:39:01 INFO::Fitting model to feature number 134, Order.iii1.15
2022-07-07 17:39:01 INFO::Fitting model to feature number 135, Genus.Porphyromonas
2022-07-07 17:39:01 INFO::Fitting model to feature number 136, Family.Hyphomonadaceae
2022-07-07 17:39:01 INFO::Fitting model to feature number 137, Family.mitochondria
2022-07-07 17:39:01 INFO::Fitting model to feature number 138, Order.mle1.48
2022-07-07 17:39:01 INFO::Fitting model to feature number 139, Genus.Lysobacter
2022-07-07 17:39:01 INFO::Fitting model to feature number 140, Order.Bacteroidales
2022-07-07 17:39:01 INFO::Fitting model to feature number 141, Genus.Variovorax
2022-07-07 17:39:01 INFO::Fitting model to feature number 142, Genus.Mycobacterium
2022-07-07 17:39:01 INFO::Fitting model to feature number 143, Class.Anaerolineae
2022-07-07 17:39:01 INFO::Fitting model to feature number 144, Genus.Coprobacillus
2022-07-07 17:39:01 INFO::Fitting model to feature number 145, Genus.Achromobacter
2022-07-07 17:39:01 INFO::Fitting model to feature number 146, Genus.Rhizobium
2022-07-07 17:39:01 INFO::Fitting model to feature number 147, Genus.Phycicoccus
2022-07-07 17:39:01 INFO::Fitting model to feature number 148, Genus.Pedobacter
2022-07-07 17:39:01 INFO::Fitting model to feature number 149, Genus.Proteocatella
2022-07-07 17:39:01 INFO::Fitting model to feature number 150, Genus.Atopobium
2022-07-07 17:39:01 INFO::Fitting model to feature number 151, Genus.Lactococcus
2022-07-07 17:39:01 INFO::Fitting model to feature number 152, Genus.Lysinibacillus
2022-07-07 17:39:01 INFO::Fitting model to feature number 153, Family.PRR.10
2022-07-07 17:39:01 INFO::Fitting model to feature number 154, Genus.Propionibacterium
2022-07-07 17:39:01 INFO::Fitting model to feature number 155, Genus.Abiotrophia
2022-07-07 17:39:01 INFO::Fitting model to feature number 156, Genus.Leuconostoc
2022-07-07 17:39:01 INFO::Fitting model to feature number 157, Genus.Snodgrassella
2022-07-07 17:39:01 INFO::Fitting model to feature number 158, Genus.Devosia
2022-07-07 17:39:01 INFO::Fitting model to feature number 159, Family.Neisseriaceae
2022-07-07 17:39:01 INFO::Fitting model to feature number 160, Order.CL500.15
2022-07-07 17:39:01 INFO::Fitting model to feature number 161, Genus.Aerococcus
2022-07-07 17:39:01 INFO::Fitting model to feature number 162, Genus.Opitutus
2022-07-07 17:39:01 INFO::Fitting model to feature number 163, Genus.Bilophila
2022-07-07 17:39:01 INFO::Fitting model to feature number 164, Family.Lactobacillaceae
2022-07-07 17:39:01 INFO::Fitting model to feature number 165, Genus.Bdellovibrio
2022-07-07 17:39:01 INFO::Fitting model to feature number 166, Genus.Alcaligenes
2022-07-07 17:39:01 INFO::Fitting model to feature number 167, Genus.Ignatzschineria
2022-07-07 17:39:01 INFO::Fitting model to feature number 168, Genus.Alkaliphilus
2022-07-07 17:39:01 INFO::Fitting model to feature number 169, Family.Desulfovibrionaceae
2022-07-07 17:39:01 INFO::Fitting model to feature number 170, Family.koll13
2022-07-07 17:39:01 INFO::Fitting model to feature number 171, Genus.Buchnera
2022-07-07 17:39:01 INFO::Fitting model to feature number 172, Genus.Moryella
2022-07-07 17:39:01 INFO::Fitting model to feature number 173, Order.Solirubrobacterales
2022-07-07 17:39:01 INFO::Fitting model to feature number 174, Genus..Prevotella.
2022-07-07 17:39:01 INFO::Fitting model to feature number 175, Genus.Parvimonas
2022-07-07 17:39:01 INFO::Fitting model to feature number 176, Genus.Sphingopyxis
2022-07-07 17:39:01 INFO::Fitting model to feature number 177, Genus.Caloramator
2022-07-07 17:39:01 INFO::Fitting model to feature number 178, Genus.Lachnoanaerobaculum
2022-07-07 17:39:01 INFO::Fitting model to feature number 179, Family.Piscirickettsiaceae
2022-07-07 17:39:01 INFO::Fitting model to feature number 180, Genus.Panacagrimonas
2022-07-07 17:39:01 INFO::Counting total values for each feature
2022-07-07 17:39:01 INFO::Writing residuals to file BBN - Maaslin2 results Treatment/residuals.rds
2022-07-07 17:39:01 INFO::Writing fitted values to file BBN - Maaslin2 results Treatment/fitted.rds
2022-07-07 17:39:01 INFO::Writing all results to file (ordered by increasing q-values): BBN - Maaslin2 results Treatment/all_results.tsv
2022-07-07 17:39:01 INFO::Writing the significant results (those which are less than or equal to the threshold of 0.250000 ) to file (ordered by increasing q-values): BBN - Maaslin2 results Treatment/significant_results.tsv
2022-07-07 17:39:01 INFO::Writing heatmap of significant results to file: BBN - Maaslin2 results Treatment/heatmap.pdf
2022-07-07 17:39:01 INFO::Writing association plots (one for each significant association) to output folder: BBN - Maaslin2 results Treatment
2022-07-07 17:39:01 INFO::Plotting associations from most to least significant, grouped by metadata
2022-07-07 17:39:01 INFO::Plotting data for metadata number 1, treatment.group
2022-07-07 17:39:01 INFO::Creating boxplot for categorical data, treatment.group vs Family.Enterobacteriaceae
2022-07-07 17:39:01 INFO::Creating boxplot for categorical data, treatment.group vs Family.S24.7
2022-07-07 17:39:02 INFO::Creating boxplot for categorical data, treatment.group vs Genus.AF12
2022-07-07 17:39:02 INFO::Creating boxplot for categorical data, treatment.group vs Genus.Rikenella
2022-07-07 17:39:02 INFO::Creating boxplot for categorical data, treatment.group vs Family.Rikenellaceae
2022-07-07 17:39:02 INFO::Creating boxplot for categorical data, treatment.group vs Genus.Sutterella
2022-07-07 17:39:02 INFO::Creating boxplot for categorical data, treatment.group vs Genus.Coprococcus
2022-07-07 17:39:03 INFO::Creating boxplot for categorical data, treatment.group vs Family.Lachnospiraceae
2022-07-07 17:39:03 INFO::Creating boxplot for categorical data, treatment.group vs Genus.Prevotella
2022-07-07 17:39:03 INFO::Creating boxplot for categorical data, treatment.group vs Genus.Oscillospira
2022-07-07 17:39:03 INFO::Creating boxplot for categorical data, treatment.group vs Genus.Flavobacterium
2022-07-07 17:39:04 INFO::Creating boxplot for categorical data, treatment.group vs Genus.Brevundimonas
2022-07-07 17:39:04 INFO::Creating boxplot for categorical data, treatment.group vs Genus.Acidaminobacter
2022-07-07 17:39:04 INFO::Creating boxplot for categorical data, treatment.group vs Genus.Odoribacter
2022-07-07 17:39:05 INFO::Creating boxplot for categorical data, treatment.group vs Genus.Zoogloea
2022-07-07 17:39:05 INFO::Creating boxplot for categorical data, treatment.group vs Genus.Ruminococcus
2022-07-07 17:39:05 INFO::Creating boxplot for categorical data, treatment.group vs Genus.Dorea
2022-07-07 17:39:05 INFO::Creating boxplot for categorical data, treatment.group vs Genus.Vogesella
2022-07-07 17:39:06 INFO::Creating boxplot for categorical data, treatment.group vs Order.Clostridiales
2022-07-07 17:39:06 INFO::Creating boxplot for categorical data, treatment.group vs Genus.Butyricicoccus
2022-07-07 17:39:06 INFO::Creating boxplot for categorical data, treatment.group vs Genus.PSB.M.3
2022-07-07 17:39:07 INFO::Creating boxplot for categorical data, treatment.group vs Family.Ruminococcaceae
2022-07-07 17:39:07 INFO::Creating boxplot for categorical data, treatment.group vs Genus.Adlercreutzia
2022-07-07 17:39:07 INFO::Creating boxplot for categorical data, treatment.group vs Genus.Dehalobacterium
2022-07-07 17:39:08 INFO::Creating boxplot for categorical data, treatment.group vs Genus.Hydrogenophaga
2022-07-07 17:39:08 INFO::Creating boxplot for categorical data, treatment.group vs Genus.Arcobacter
2022-07-07 17:39:09 INFO::Creating boxplot for categorical data, treatment.group vs Genus..Ruminococcus.
2022-07-07 17:39:09 INFO::Creating boxplot for categorical data, treatment.group vs Genus.Lactobacillus
2022-07-07 17:39:10 INFO::Creating boxplot for categorical data, treatment.group vs Genus.Anaerostipes
2022-07-07 17:39:10 INFO::Creating boxplot for categorical data, treatment.group vs Genus.Clostridium
2022-07-07 17:39:11 INFO::Creating boxplot for categorical data, treatment.group vs Genus.Wautersiella
2022-07-07 17:39:11 INFO::Creating boxplot for categorical data, treatment.group vs Genus.Acinetobacter
2022-07-07 17:39:12 INFO::Creating boxplot for categorical data, treatment.group vs Genus.Fusibacter
2022-07-07 17:39:12 INFO::Creating boxplot for categorical data, treatment.group vs Family.Erysipelotrichaceae
2022-07-07 17:39:13 INFO::Creating boxplot for categorical data, treatment.group vs Genus.Allobaculum
2022-07-07 17:39:13 INFO::Creating boxplot for categorical data, treatment.group vs Genus.Akkermansia
2022-07-07 17:39:14 INFO::Creating boxplot for categorical data, treatment.group vs Genus.Rheinheimera
2022-07-07 17:39:14 INFO::Creating boxplot for categorical data, treatment.group vs Genus.Anaeroplasma
2022-07-07 17:39:15 INFO::Creating boxplot for categorical data, treatment.group vs Family.Bacteriovoracaceae
2022-07-07 17:39:15 INFO::Creating boxplot for categorical data, treatment.group vs Family.F16
2022-07-07 17:39:15 INFO::Creating boxplot for categorical data, treatment.group vs Genus.Candidatus.Arthromitus
2022-07-07 17:39:16 INFO::Creating boxplot for categorical data, treatment.group vs Family.Peptococcaceae
2022-07-07 17:39:16 INFO::Creating boxplot for categorical data, treatment.group vs Genus.Desulfovibrio
2022-07-07 17:39:17 INFO::Creating boxplot for categorical data, treatment.group vs Order.RF32
2022-07-07 17:39:17 INFO::Creating boxplot for categorical data, treatment.group vs Family..Mogibacteriaceae.
2022-07-07 17:39:17 INFO::Creating boxplot for categorical data, treatment.group vs Family.Methylophilaceae
2022-07-07 17:39:18 INFO::Creating boxplot for categorical data, treatment.group vs Genus.Leuconostoc
2022-07-07 17:39:18 INFO::Creating boxplot for categorical data, treatment.group vs Genus.Porphyromonas
2022-07-07 17:39:19 INFO::Creating boxplot for categorical data, treatment.group vs Family.Comamonadaceae
2022-07-07 17:39:19 INFO::Creating boxplot for categorical data, treatment.group vs Genus.Sphingobacterium
2022-07-07 17:39:19 INFO::Creating boxplot for categorical data, treatment.group vs Genus.Chryseobacterium
2022-07-07 17:39:20 INFO::Creating boxplot for categorical data, treatment.group vs Genus.Fluviicola
2022-07-07 17:39:20 INFO::Creating boxplot for categorical data, treatment.group vs Genus.Proteocatella
2022-07-07 17:39:20 INFO::Creating boxplot for categorical data, treatment.group vs Class.BD1.5
2022-07-07 17:39:21 INFO::Creating boxplot for categorical data, treatment.group vs Genus.Megamonas
2022-07-07 17:39:21 INFO::Creating boxplot for categorical data, treatment.group vs Genus.Clostridium
2022-07-07 17:39:22 INFO::Creating boxplot for categorical data, treatment.group vs Genus.Roseburia
2022-07-07 17:39:22 INFO::Creating boxplot for categorical data, treatment.group vs Genus.Marinobacter
2022-07-07 17:39:23 INFO::Creating boxplot for categorical data, treatment.group vs Genus.Granulicatella
2022-07-07 17:39:23 INFO::Creating boxplot for categorical data, treatment.group vs Genus.Rhodobacter
2022-07-07 17:39:24 INFO::Creating boxplot for categorical data, treatment.group vs Genus.Paludibacter
2022-07-07 17:39:25 INFO::Creating boxplot for categorical data, treatment.group vs Order.YS2
2022-07-07 17:39:25 INFO::Creating boxplot for categorical data, treatment.group vs Genus.Cytophaga
2022-07-07 17:39:26 INFO::Creating boxplot for categorical data, treatment.group vs Genus.Bacteroides
2022-07-07 17:39:26 INFO::Creating boxplot for categorical data, treatment.group vs Genus.Cloacibacterium
2022-07-07 17:39:26 INFO::Creating boxplot for categorical data, treatment.group vs Family.Christensenellaceae
2022-07-07 17:39:27 INFO::Creating boxplot for categorical data, treatment.group vs Genus.Shewanella
2022-07-07 17:39:27 INFO::Creating boxplot for categorical data, treatment.group vs Order.RF39
2022-07-07 17:39:28 INFO::Creating boxplot for categorical data, treatment.group vs Genus.Megasphaera
2022-07-07 17:39:28 INFO::Creating boxplot for categorical data, treatment.group vs Genus.Achromobacter
2022-07-07 17:39:28 INFO::Creating boxplot for categorical data, treatment.group vs Family.koll13
2022-07-07 17:39:28 INFO::Creating boxplot for categorical data, treatment.group vs Genus.Bulleidia
2022-07-07 17:39:29 INFO::Creating boxplot for categorical data, treatment.group vs Family.Lactobacillaceae
2022-07-07 17:39:29 INFO::Creating boxplot for categorical data, treatment.group vs Genus.Lachnoanaerobaculum
2022-07-07 17:39:29 INFO::Creating boxplot for categorical data, treatment.group vs Genus.Coprobacillus
2022-07-07 17:39:29 INFO::Creating boxplot for categorical data, treatment.group vs Genus.Solibacillus
