2022-07-06 13:39:58 INFO::Writing function arguments to log file
2022-07-06 13:39:58 DEBUG::Function arguments
2022-07-06 13:39:58 DEBUG::Output folder: Maaslin2 results Timepoint6
2022-07-06 13:39:58 DEBUG::Min Abundance: 0.000000
2022-07-06 13:39:58 DEBUG::Min Prevalence: 0.000000
2022-07-06 13:39:58 DEBUG::Normalization: TSS
2022-07-06 13:39:58 DEBUG::Transform: AST
2022-07-06 13:39:58 DEBUG::Analysis method: LM
2022-07-06 13:39:58 DEBUG::Max significance: 0.250000
2022-07-06 13:39:58 DEBUG::Random effects:
2022-07-06 13:39:58 DEBUG::Fixed effects: responder
2022-07-06 13:39:58 DEBUG::Correction method: BH
2022-07-06 13:39:58 DEBUG::Standardize: FALSE
2022-07-06 13:39:58 DEBUG::Cores: 1
2022-07-06 13:39:58 INFO::Verifying options selected are valid
2022-07-06 13:39:58 INFO::Determining format of input files
2022-07-06 13:39:58 INFO::Input format is data samples as rows and metadata samples as rows
2022-07-06 13:39:58 DEBUG::A total of 12 samples were found in both the data and metadata
2022-07-06 13:39:58 DEBUG::Reordering data/metadata to use same sample ordering
2022-07-06 13:39:58 INFO::Formula for fixed effects: expr ~  responder
2022-07-06 13:39:58 INFO::Filter data based on min abundance and min prevalence
2022-07-06 13:39:58 INFO::Total samples in data: 12
2022-07-06 13:39:58 INFO::Min samples required with min abundance for a feature not to be filtered: 0.000000
2022-07-06 13:39:58 INFO::Total filtered features: 0
2022-07-06 13:39:58 INFO::Filtered feature names from abundance and prevalence filtering:
2022-07-06 13:39:58 INFO::Total filtered features with variance filtering: 0
2022-07-06 13:39:58 INFO::Filtered feature names from variance filtering:
2022-07-06 13:39:58 INFO::Running selected normalization method: TSS
2022-07-06 13:39:59 INFO::Bypass z-score application to metadata
2022-07-06 13:39:59 INFO::Running selected transform method: AST
2022-07-06 13:39:59 INFO::Running selected analysis method: LM
2022-07-06 13:39:59 INFO::Fitting model to feature number 1, Genus.Enterococcus
2022-07-06 13:39:59 INFO::Fitting model to feature number 2, Genus.Serratia
2022-07-06 13:39:59 INFO::Fitting model to feature number 3, Genus.Pseudomonas
2022-07-06 13:39:59 INFO::Fitting model to feature number 4, Genus.Escherichia.Shigella
2022-07-06 13:39:59 INFO::Fitting model to feature number 5, Genus.Peptoniphilus
2022-07-06 13:39:59 INFO::Fitting model to feature number 6, Genus.Lactobacillus
2022-07-06 13:39:59 INFO::Fitting model to feature number 7, Genus.Propionimicrobium
2022-07-06 13:39:59 INFO::Fitting model to feature number 8, Genus.Finegoldia
2022-07-06 13:39:59 INFO::Fitting model to feature number 9, Genus.Ralstonia
2022-07-06 13:39:59 INFO::Fitting model to feature number 10, Family.Erwiniaceae
2022-07-06 13:39:59 INFO::Fitting model to feature number 11, Genus.Enhydrobacter
2022-07-06 13:39:59 INFO::Fitting model to feature number 12, Genus.Streptococcus
2022-07-06 13:39:59 INFO::Fitting model to feature number 13, Genus.Cutibacterium
2022-07-06 13:39:59 INFO::Fitting model to feature number 14, Family.Enterobacteriaceae
2022-07-06 13:39:59 INFO::Fitting model to feature number 15, Genus.Corynebacterium
2022-07-06 13:39:59 INFO::Fitting model to feature number 16, Genus.Staphylococcus
2022-07-06 13:39:59 INFO::Fitting model to feature number 17, Genus.Actinomyces
2022-07-06 13:39:59 INFO::Fitting model to feature number 18, Genus.Anaerococcus
2022-07-06 13:39:59 INFO::Fitting model to feature number 19, Genus.Porphyromonas
2022-07-06 13:39:59 INFO::Fitting model to feature number 20, Genus.Fenollaria
2022-07-06 13:39:59 INFO::Fitting model to feature number 21, Genus.Clostridium_sensu_stricto_1
2022-07-06 13:39:59 INFO::Fitting model to feature number 22, Genus.Akkermansia
2022-07-06 13:39:59 INFO::Fitting model to feature number 23, Genus.Acinetobacter
2022-07-06 13:39:59 INFO::Fitting model to feature number 24, Genus.Chloroplast
2022-07-06 13:39:59 INFO::Fitting model to feature number 25, Genus.Varibaculum
2022-07-06 13:39:59 INFO::Fitting model to feature number 26, Genus.Alkanindiges
2022-07-06 13:39:59 INFO::Fitting model to feature number 27, Genus.Blautia
2022-07-06 13:39:59 INFO::Fitting model to feature number 28, Genus.Campylobacter
2022-07-06 13:39:59 INFO::Fitting model to feature number 29, Family.Aerococcaceae
2022-07-06 13:39:59 INFO::Fitting model to feature number 30, Genus.Cupriavidus
2022-07-06 13:39:59 INFO::Fitting model to feature number 31, Genus.Negativicoccus
2022-07-06 13:39:59 INFO::Fitting model to feature number 32, Genus.Bacteroides
2022-07-06 13:39:59 INFO::Fitting model to feature number 33, Genus.Faecalibacterium
2022-07-06 13:39:59 INFO::Fitting model to feature number 34, Genus.Lawsonella
2022-07-06 13:39:59 INFO::Fitting model to feature number 35, Genus.Vibrio
2022-07-06 13:39:59 INFO::Fitting model to feature number 36, Genus.Tetragenococcus
2022-07-06 13:39:59 INFO::Fitting model to feature number 37, Genus.Bacillus
2022-07-06 13:39:59 INFO::Fitting model to feature number 38, Genus.Agathobacter
2022-07-06 13:39:59 INFO::Fitting model to feature number 39, Genus.Salipaludibacillus
2022-07-06 13:39:59 INFO::Fitting model to feature number 40, Genus.Alcaligenes
2022-07-06 13:39:59 INFO::Fitting model to feature number 41, Genus.Mycobacterium
2022-07-06 13:39:59 INFO::Fitting model to feature number 42, Genus.Proteus
2022-07-06 13:39:59 INFO::Fitting model to feature number 43, Genus.Megasphaera
2022-07-06 13:39:59 INFO::Fitting model to feature number 44, Genus.Parasutterella
2022-07-06 13:39:59 INFO::Fitting model to feature number 45, Genus.Pseudoalteromonas
2022-07-06 13:39:59 INFO::Fitting model to feature number 46, Genus.Romboutsia
2022-07-06 13:39:59 INFO::Fitting model to feature number 47, Genus.Megamonas
2022-07-06 13:39:59 INFO::Fitting model to feature number 48, Genus.Delftia
2022-07-06 13:39:59 INFO::Fitting model to feature number 49, Genus.Turicibacter
2022-07-06 13:39:59 INFO::Fitting model to feature number 50, Genus.Neisseria
2022-07-06 13:39:59 INFO::Fitting model to feature number 51, Genus.Actinotignum
2022-07-06 13:39:59 INFO::Fitting model to feature number 52, Genus.Bifidobacterium
2022-07-06 13:39:59 INFO::Fitting model to feature number 53, Genus.Muribaculaceae
2022-07-06 13:39:59 INFO::Fitting model to feature number 54, Genus.Lautropia
2022-07-06 13:39:59 INFO::Fitting model to feature number 55, Genus.Fusobacterium
2022-07-06 13:39:59 INFO::Fitting model to feature number 56, Genus.Haemophilus
2022-07-06 13:39:59 INFO::Fitting model to feature number 57, Genus.Paracoccus
2022-07-06 13:39:59 INFO::Fitting model to feature number 58, Family.Butyricicoccaceae
2022-07-06 13:39:59 INFO::Fitting model to feature number 59, Genus.Dialister
2022-07-06 13:39:59 INFO::Fitting model to feature number 60, Genus.Fusicatenibacter
2022-07-06 13:39:59 INFO::Fitting model to feature number 61, Family.Tannerellaceae
2022-07-06 13:39:59 INFO::Fitting model to feature number 62, Genus.Roseburia
2022-07-06 13:39:59 INFO::Fitting model to feature number 63, Genus.Brevundimonas
2022-07-06 13:39:59 INFO::Fitting model to feature number 64, Genus.Sphingomonas
2022-07-06 13:39:59 INFO::Fitting model to feature number 65, Genus.Veillonella
2022-07-06 13:39:59 INFO::Fitting model to feature number 66, Genus.Lactococcus
2022-07-06 13:39:59 INFO::Fitting model to feature number 67, Genus.Clostridia_UCG.014
2022-07-06 13:39:59 INFO::Fitting model to feature number 68, Genus.Gardnerella
2022-07-06 13:39:59 INFO::Fitting model to feature number 69, Genus..Ruminococcus._torques_group
2022-07-06 13:39:59 INFO::Fitting model to feature number 70, Genus.Faecalibaculum
2022-07-06 13:39:59 INFO::Fitting model to feature number 71, Genus.Prevotella
2022-07-06 13:39:59 INFO::Fitting model to feature number 72, Genus.Burkholderia.Caballeronia.Paraburkholderia
2022-07-06 13:39:59 INFO::Fitting model to feature number 73, Genus..Ruminococcus._gnavus_group
2022-07-06 13:40:00 INFO::Fitting model to feature number 74, Genus.Monoglobus
2022-07-06 13:40:00 INFO::Fitting model to feature number 75, Genus.Weissella
2022-07-06 13:40:00 INFO::Fitting model to feature number 76, Genus.Leuconostoc
2022-07-06 13:40:00 INFO::Fitting model to feature number 77, Genus.Mitochondria
2022-07-06 13:40:00 INFO::Fitting model to feature number 78, Genus.Micrococcus
2022-07-06 13:40:00 INFO::Fitting model to feature number 79, Genus.Granulicatella
2022-07-06 13:40:00 INFO::Fitting model to feature number 80, Genus.Gemella
2022-07-06 13:40:00 INFO::Fitting model to feature number 81, Genus.Aeromonas
2022-07-06 13:40:00 INFO::Fitting model to feature number 82, Genus.Bradyrhizobium
2022-07-06 13:40:00 INFO::Fitting model to feature number 83, Family.Micrococcaceae
2022-07-06 13:40:00 INFO::Fitting model to feature number 84, Genus.Phascolarctobacterium
2022-07-06 13:40:00 INFO::Fitting model to feature number 85, Genus.Dubosiella
2022-07-06 13:40:00 INFO::Fitting model to feature number 86, Genus.Kurthia
2022-07-06 13:40:00 INFO::Fitting model to feature number 87, Genus.Candidatus_Udaeobacter
2022-07-06 13:40:00 INFO::Fitting model to feature number 88, Genus.Ruminococcus
2022-07-06 13:40:00 INFO::Fitting model to feature number 89, Genus.Pedomicrobium
2022-07-06 13:40:00 INFO::Fitting model to feature number 90, Genus.Abiotrophia
2022-07-06 13:40:00 INFO::Fitting model to feature number 91, Order.Bacillales
2022-07-06 13:40:00 INFO::Fitting model to feature number 92, Genus.Flavonifractor
2022-07-06 13:40:00 INFO::Fitting model to feature number 93, Genus.Microbacteriaceae
2022-07-06 13:40:00 INFO::Fitting model to feature number 94, Genus.Sutterella
2022-07-06 13:40:00 INFO::Fitting model to feature number 95, Genus.Sandaracinobacter
2022-07-06 13:40:00 INFO::Fitting model to feature number 96, Genus.Methyloversatilis
2022-07-06 13:40:00 INFO::Fitting model to feature number 97, Family.Xanthobacteraceae
2022-07-06 13:40:00 INFO::Fitting model to feature number 98, Genus.Massilia
2022-07-06 13:40:00 INFO::Fitting model to feature number 99, Genus.Alteromonas
2022-07-06 13:40:00 INFO::Fitting model to feature number 100, Genus.Pyramidobacter
2022-07-06 13:40:00 INFO::Fitting model to feature number 101, Genus.CAG.352
2022-07-06 13:40:00 INFO::Fitting model to feature number 102, Genus.Paenibacillus
2022-07-06 13:40:00 INFO::Fitting model to feature number 103, Genus.Ileibacterium
2022-07-06 13:40:00 INFO::Fitting model to feature number 104, Family.Micromonosporaceae
2022-07-06 13:40:00 INFO::Fitting model to feature number 105, Genus.Vogesella
2022-07-06 13:40:00 INFO::Fitting model to feature number 106, Genus.Phreatobacter
2022-07-06 13:40:00 INFO::Fitting model to feature number 107, Genus.Parabacteroides
2022-07-06 13:40:00 INFO::Fitting model to feature number 108, Genus.Rothia
2022-07-06 13:40:00 INFO::Fitting model to feature number 109, Genus.Anaerostipes
2022-07-06 13:40:00 INFO::Fitting model to feature number 110, Kingdom.Unassigned
2022-07-06 13:40:00 INFO::Fitting model to feature number 111, Family.Comamonadaceae
2022-07-06 13:40:00 INFO::Fitting model to feature number 112, Genus.Providencia
2022-07-06 13:40:00 INFO::Fitting model to feature number 113, Genus.Desulfosporosinus
2022-07-06 13:40:00 INFO::Fitting model to feature number 114, Genus.Alistipes
2022-07-06 13:40:00 INFO::Fitting model to feature number 115, Genus.Pantoea
2022-07-06 13:40:00 INFO::Fitting model to feature number 116, Genus.Candidatus_Koribacter
2022-07-06 13:40:00 INFO::Fitting model to feature number 117, Genus..Eubacterium._coprostanoligenes_group
2022-07-06 13:40:00 INFO::Fitting model to feature number 118, Genus.Erysipelotrichaceae_UCG.003
2022-07-06 13:40:00 INFO::Fitting model to feature number 119, Genus.Subdoligranulum
2022-07-06 13:40:00 INFO::Fitting model to feature number 120, Family.Lachnospiraceae
2022-07-06 13:40:00 INFO::Fitting model to feature number 121, Genus.Ezakiella
2022-07-06 13:40:00 INFO::Fitting model to feature number 122, Genus.Pseudoxanthomonas
2022-07-06 13:40:00 INFO::Fitting model to feature number 123, Genus.Rhodanobacter
2022-07-06 13:40:00 INFO::Fitting model to feature number 124, Genus.UCG.005
2022-07-06 13:40:00 INFO::Fitting model to feature number 125, Genus.Lachnospira
2022-07-06 13:40:00 INFO::Fitting model to feature number 126, Genus.Stenotrophomonas
2022-07-06 13:40:00 INFO::Fitting model to feature number 127, Family.Chromobacteriaceae
2022-07-06 13:40:00 INFO::Fitting model to feature number 128, Genus.Prevotellaceae_UCG.003
2022-07-06 13:40:00 INFO::Fitting model to feature number 129, Genus.11.24
2022-07-06 13:40:00 INFO::Fitting model to feature number 130, Genus.Candidatus_Bacilloplasma
2022-07-06 13:40:00 INFO::Fitting model to feature number 131, Genus..Eubacterium._hallii_group
2022-07-06 13:40:00 INFO::Fitting model to feature number 132, Genus.UCG.002
2022-07-06 13:40:00 INFO::Fitting model to feature number 133, Genus.Dorea
2022-07-06 13:40:00 INFO::Fitting model to feature number 134, Genus.Coriobacteriaceae_UCG.002
2022-07-06 13:40:00 INFO::Fitting model to feature number 135, Genus.Succinivibrio
2022-07-06 13:40:00 INFO::Fitting model to feature number 136, Genus.Novosphingobium
2022-07-06 13:40:00 INFO::Fitting model to feature number 137, Genus.Morganella
2022-07-06 13:40:00 INFO::Fitting model to feature number 138, Genus.Erysipelatoclostridium
2022-07-06 13:40:00 INFO::Fitting model to feature number 139, Genus.Methyloceanibacter
2022-07-06 13:40:00 INFO::Fitting model to feature number 140, Genus.Pediococcus
2022-07-06 13:40:00 INFO::Fitting model to feature number 141, Genus.Tyzzerella
2022-07-06 13:40:00 INFO::Fitting model to feature number 142, Genus..Eubacterium._eligens_group
2022-07-06 13:40:00 INFO::Fitting model to feature number 143, Genus.Alloprevotella
2022-07-06 13:40:00 INFO::Fitting model to feature number 144, Genus.Lachnoclostridium
2022-07-06 13:40:00 INFO::Fitting model to feature number 145, Genus.Caldibacillus
2022-07-06 13:40:00 INFO::Fitting model to feature number 146, Genus.Mobiluncus
2022-07-06 13:40:00 INFO::Fitting model to feature number 147, Genus.Prevotellaceae_Ga6A1_group
2022-07-06 13:40:00 INFO::Fitting model to feature number 148, Genus.Comamonas
2022-07-06 13:40:00 INFO::Fitting model to feature number 149, Genus.Lachnospiraceae_NK4A136_group
2022-07-06 13:40:00 INFO::Fitting model to feature number 150, Genus.Porphyrobacter
2022-07-06 13:40:00 INFO::Fitting model to feature number 151, Genus.Xanthomonas
2022-07-06 13:40:00 INFO::Fitting model to feature number 152, Genus.Gilliamella
2022-07-06 13:40:00 INFO::Fitting model to feature number 153, Genus.uncultured
2022-07-06 13:40:00 INFO::Fitting model to feature number 154, Genus.Nitrospira
2022-07-06 13:40:00 INFO::Fitting model to feature number 155, Genus.Marivita
2022-07-06 13:40:00 INFO::Fitting model to feature number 156, Genus.Tepidimonas
2022-07-06 13:40:00 INFO::Fitting model to feature number 157, Family.Intrasporangiaceae
2022-07-06 13:40:00 INFO::Fitting model to feature number 158, Genus.uncultured
2022-07-06 13:40:00 INFO::Fitting model to feature number 159, Genus.Exiguobacterium
2022-07-06 13:40:00 INFO::Fitting model to feature number 160, Genus.uncultured
2022-07-06 13:40:00 INFO::Fitting model to feature number 161, Genus.Thiobacillus
2022-07-06 13:40:00 INFO::Fitting model to feature number 162, Genus.Pseudochrobactrum
2022-07-06 13:40:01 INFO::Fitting model to feature number 163, Genus.Lacihabitans
2022-07-06 13:40:01 INFO::Fitting model to feature number 164, Genus.Mycoplasma
2022-07-06 13:40:01 INFO::Fitting model to feature number 165, Genus.Ochrobactrum
2022-07-06 13:40:01 INFO::Fitting model to feature number 166, Genus.Geobacillus
2022-07-06 13:40:01 INFO::Fitting model to feature number 167, Genus.hgcI_clade
2022-07-06 13:40:01 INFO::Fitting model to feature number 168, Genus.Conexibacter
2022-07-06 13:40:01 INFO::Fitting model to feature number 169, Genus.Limnobacter
2022-07-06 13:40:01 INFO::Fitting model to feature number 170, Genus.bacteriap25
2022-07-06 13:40:01 INFO::Fitting model to feature number 171, Genus.Tumebacillus
2022-07-06 13:40:01 INFO::Fitting model to feature number 172, Genus.Lachnospiraceae_UCG.001
2022-07-06 13:40:01 INFO::Fitting model to feature number 173, Genus.Glutamicibacter
2022-07-06 13:40:01 INFO::Fitting model to feature number 174, Genus.Cetobacterium
2022-07-06 13:40:01 INFO::Fitting model to feature number 175, Genus.Rhodomicrobium
2022-07-06 13:40:01 INFO::Fitting model to feature number 176, Genus.Chitinophaga
2022-07-06 13:40:01 INFO::Fitting model to feature number 177, Genus.Snodgrassella
2022-07-06 13:40:01 INFO::Fitting model to feature number 178, Genus.Streptomyces
2022-07-06 13:40:01 INFO::Fitting model to feature number 179, Genus.Desulfovibrio
2022-07-06 13:40:01 INFO::Fitting model to feature number 180, Genus.Allobaculum
2022-07-06 13:40:01 INFO::Fitting model to feature number 181, Family.Sporichthyaceae
2022-07-06 13:40:01 INFO::Fitting model to feature number 182, Genus.S5.A14a
2022-07-06 13:40:01 INFO::Fitting model to feature number 183, Genus.Cellvibrio
2022-07-06 13:40:01 INFO::Fitting model to feature number 184, Genus.Bilophila
2022-07-06 13:40:01 INFO::Fitting model to feature number 185, Genus.uncultured
2022-07-06 13:40:01 INFO::Fitting model to feature number 186, Genus.Collinsella
2022-07-06 13:40:01 INFO::Fitting model to feature number 187, Genus.Aurantimicrobium
2022-07-06 13:40:01 INFO::Fitting model to feature number 188, Genus.Nevskia
2022-07-06 13:40:01 INFO::Fitting model to feature number 189, Genus.Chryseobacterium
2022-07-06 13:40:01 INFO::Fitting model to feature number 190, Genus.Kocuria
2022-07-06 13:40:01 INFO::Fitting model to feature number 191, Genus.Peptoclostridium
2022-07-06 13:40:01 INFO::Fitting model to feature number 192, Genus.Acidothermus
2022-07-06 13:40:01 INFO::Fitting model to feature number 193, Genus.Janthinobacterium
2022-07-06 13:40:01 INFO::Fitting model to feature number 194, Genus.Eremococcus
2022-07-06 13:40:01 INFO::Fitting model to feature number 195, Genus..Eubacterium._nodatum_group
2022-07-06 13:40:01 INFO::Fitting model to feature number 196, Genus.Sphingobacterium
2022-07-06 13:40:01 INFO::Fitting model to feature number 197, Genus.Pseudolabrys
2022-07-06 13:40:01 INFO::Fitting model to feature number 198, Genus.Sulfuritalea
2022-07-06 13:40:01 INFO::Fitting model to feature number 199, Genus.Thauera
2022-07-06 13:40:01 INFO::Fitting model to feature number 200, Family.Rhodobacteraceae
2022-07-06 13:40:01 INFO::Fitting model to feature number 201, Genus.Muribaculum
2022-07-06 13:40:01 INFO::Fitting model to feature number 202, Genus.CL500.29_marine_group
2022-07-06 13:40:01 INFO::Fitting model to feature number 203, Genus.Methylobacterium.Methylorubrum
2022-07-06 13:40:01 INFO::Fitting model to feature number 204, Genus.Rhodobacter
2022-07-06 13:40:01 INFO::Fitting model to feature number 205, Genus.Motilimonas
2022-07-06 13:40:01 INFO::Fitting model to feature number 206, Genus.Microbacterium
2022-07-06 13:40:01 INFO::Fitting model to feature number 207, Genus.67.14
2022-07-06 13:40:01 INFO::Fitting model to feature number 208, Genus.Methylophilus
2022-07-06 13:40:01 INFO::Fitting model to feature number 209, Genus.Nosocomiicoccus
2022-07-06 13:40:01 INFO::Fitting model to feature number 210, Genus.Succiniclasticum
2022-07-06 13:40:01 INFO::Fitting model to feature number 211, Genus.Proteocatella
2022-07-06 13:40:01 INFO::Fitting model to feature number 212, Genus.Ellin6067
2022-07-06 13:40:01 INFO::Fitting model to feature number 213, Family.Streptomycetaceae
2022-07-06 13:40:01 INFO::Fitting model to feature number 214, Family.Oscillospiraceae
2022-07-06 13:40:01 INFO::Fitting model to feature number 215, Genus.Rubrobacter
2022-07-06 13:40:01 INFO::Fitting model to feature number 216, Genus.Phyllobacterium
2022-07-06 13:40:01 INFO::Fitting model to feature number 217, Family.Pasteurellaceae
2022-07-06 13:40:01 INFO::Fitting model to feature number 218, Genus.Desulfuromonadaceae
2022-07-06 13:40:01 INFO::Fitting model to feature number 219, Genus.Prevotellaceae_UCG.004
2022-07-06 13:40:01 INFO::Fitting model to feature number 220, Genus.Uruburuella
2022-07-06 13:40:01 INFO::Fitting model to feature number 221, Genus.Helicobacter
2022-07-06 13:40:01 INFO::Fitting model to feature number 222, Genus.SC.I.84
2022-07-06 13:40:01 INFO::Fitting model to feature number 223, Genus.uncultured
2022-07-06 13:40:01 INFO::Fitting model to feature number 224, Genus.uncultured
2022-07-06 13:40:01 INFO::Fitting model to feature number 225, Genus.Amylibacter
2022-07-06 13:40:01 INFO::Fitting model to feature number 226, Genus.Cloacibacterium
2022-07-06 13:40:01 INFO::Fitting model to feature number 227, Genus.Clostridia_vadinBB60_group
2022-07-06 13:40:01 INFO::Fitting model to feature number 228, Genus.Deinococcus
2022-07-06 13:40:01 INFO::Fitting model to feature number 229, Genus.Sphingobium
2022-07-06 13:40:01 INFO::Fitting model to feature number 230, Genus.uncultured
2022-07-06 13:40:01 INFO::Fitting model to feature number 231, Genus.uncultured
2022-07-06 13:40:01 INFO::Fitting model to feature number 232, Genus..Clostridium._innocuum_group
2022-07-06 13:40:01 INFO::Fitting model to feature number 233, Genus.Roseicyclus
2022-07-06 13:40:01 INFO::Fitting model to feature number 234, Genus.uncultured
2022-07-06 13:40:01 INFO::Fitting model to feature number 235, Genus.Puia
2022-07-06 13:40:01 INFO::Fitting model to feature number 236, Genus.Murdochiella
2022-07-06 13:40:01 INFO::Fitting model to feature number 237, Genus.Blastococcus
2022-07-06 13:40:01 INFO::Fitting model to feature number 238, Genus.Butyricicoccus
2022-07-06 13:40:01 INFO::Fitting model to feature number 239, Genus.Nitrosomonas
2022-07-06 13:40:01 INFO::Fitting model to feature number 240, Genus.uncultured
2022-07-06 13:40:01 INFO::Fitting model to feature number 241, Genus.Paenarthrobacter
2022-07-06 13:40:01 INFO::Fitting model to feature number 242, Genus.Clostridium_sensu_stricto_7
2022-07-06 13:40:01 INFO::Fitting model to feature number 243, Family.Planococcaceae
2022-07-06 13:40:01 INFO::Fitting model to feature number 244, Genus.Chryseomicrobium
2022-07-06 13:40:01 INFO::Fitting model to feature number 245, Genus.Lachnospiraceae_ND3007_group
2022-07-06 13:40:01 INFO::Fitting model to feature number 246, Genus.Christensenellaceae_R.7_group
2022-07-06 13:40:01 INFO::Fitting model to feature number 247, Genus..Ruminococcus._gauvreauii_group
2022-07-06 13:40:01 INFO::Fitting model to feature number 248, Genus.Domibacillus
2022-07-06 13:40:01 INFO::Fitting model to feature number 249, Genus.Acetomicrobium
2022-07-06 13:40:01 INFO::Fitting model to feature number 250, Genus.Hirschia
2022-07-06 13:40:01 INFO::Fitting model to feature number 251, Genus.Acidibacter
2022-07-06 13:40:01 INFO::Fitting model to feature number 252, Genus.Anaerotruncus
2022-07-06 13:40:01 INFO::Fitting model to feature number 253, Genus.Ramlibacter
2022-07-06 13:40:01 INFO::Fitting model to feature number 254, Genus.IMCC26256
2022-07-06 13:40:02 INFO::Fitting model to feature number 255, Genus.Acetobacter
2022-07-06 13:40:02 INFO::Fitting model to feature number 256, Genus.Atopobium
2022-07-06 13:40:02 INFO::Fitting model to feature number 257, Genus.Chromohalobacter
2022-07-06 13:40:02 INFO::Fitting model to feature number 258, Genus.uncultured
2022-07-06 13:40:02 INFO::Fitting model to feature number 259, Genus.Chujaibacter
2022-07-06 13:40:02 INFO::Fitting model to feature number 260, Family.Yersiniaceae
2022-07-06 13:40:02 INFO::Fitting model to feature number 261, Genus.Coprococcus
2022-07-06 13:40:02 INFO::Fitting model to feature number 262, Genus.Solirubrobacter
2022-07-06 13:40:02 INFO::Fitting model to feature number 263, Genus.Alcanivorax
2022-07-06 13:40:02 INFO::Fitting model to feature number 264, Genus.uncultured
2022-07-06 13:40:02 INFO::Fitting model to feature number 265, Genus.uncultured
2022-07-06 13:40:02 INFO::Fitting model to feature number 266, Order.Micrococcales
2022-07-06 13:40:02 INFO::Fitting model to feature number 267, Family.Gemmatimonadaceae
2022-07-06 13:40:02 INFO::Fitting model to feature number 268, Genus.Colidextribacter
2022-07-06 13:40:02 INFO::Fitting model to feature number 269, Genus.TRA3.20
2022-07-06 13:40:02 INFO::Fitting model to feature number 270, Family.Methyloligellaceae
2022-07-06 13:40:02 INFO::Fitting model to feature number 271, Genus.Anaeromyxobacter
2022-07-06 13:40:02 INFO::Fitting model to feature number 272, Genus.Alicyclobacillus
2022-07-06 13:40:02 INFO::Fitting model to feature number 273, Genus.Ancylobacter
2022-07-06 13:40:02 INFO::Fitting model to feature number 274, Genus.uncultured
2022-07-06 13:40:02 INFO::Fitting model to feature number 275, Genus.Chryseolinea
2022-07-06 13:40:02 INFO::Fitting model to feature number 276, Genus.Devosia
2022-07-06 13:40:02 INFO::Fitting model to feature number 277, Genus.Caulobacter
2022-07-06 13:40:02 INFO::Fitting model to feature number 278, Genus.Edwardsiella
2022-07-06 13:40:02 INFO::Fitting model to feature number 279, Genus.Jeotgalicoccus
2022-07-06 13:40:02 INFO::Fitting model to feature number 280, Genus.RF39
2022-07-06 13:40:02 INFO::Fitting model to feature number 281, Genus.Gaiella
2022-07-06 13:40:02 INFO::Fitting model to feature number 282, Family.Neisseriaceae
2022-07-06 13:40:02 INFO::Fitting model to feature number 283, Genus.uncultured
2022-07-06 13:40:02 INFO::Fitting model to feature number 284, Genus.Solobacterium
2022-07-06 13:40:02 INFO::Fitting model to feature number 285, Genus.Haliea
2022-07-06 13:40:02 INFO::Fitting model to feature number 286, Genus.Cohnella
2022-07-06 13:40:02 INFO::Fitting model to feature number 287, Genus.uncultured
2022-07-06 13:40:02 INFO::Fitting model to feature number 288, Genus.uncultured
2022-07-06 13:40:02 INFO::Fitting model to feature number 289, Genus.Candidatus_Competibacter
2022-07-06 13:40:02 INFO::Fitting model to feature number 290, Genus.Dermabacter
2022-07-06 13:40:02 INFO::Fitting model to feature number 291, Genus.Kapabacteriales
2022-07-06 13:40:02 INFO::Fitting model to feature number 292, Genus.Petrimonas
2022-07-06 13:40:02 INFO::Fitting model to feature number 293, Genus.Aerococcus
2022-07-06 13:40:02 INFO::Fitting model to feature number 294, Genus.Olsenella
2022-07-06 13:40:02 INFO::Fitting model to feature number 295, Genus.RCP2.54
2022-07-06 13:40:02 INFO::Fitting model to feature number 296, Genus.Sellimonas
2022-07-06 13:40:02 INFO::Fitting model to feature number 297, Genus.Geodermatophilus
2022-07-06 13:40:02 INFO::Fitting model to feature number 298, Genus.Rikenellaceae_RC9_gut_group
2022-07-06 13:40:02 INFO::Fitting model to feature number 299, Genus.Desulfatiglans
2022-07-06 13:40:02 INFO::Fitting model to feature number 300, Genus.IS.44
2022-07-06 13:40:02 INFO::Fitting model to feature number 301, Genus.Geobacter
2022-07-06 13:40:02 INFO::Fitting model to feature number 302, Genus.Mucispirillum
2022-07-06 13:40:02 INFO::Fitting model to feature number 303, Genus.Lentimonas
2022-07-06 13:40:02 INFO::Fitting model to feature number 304, Genus.Lachnospiraceae_FCS020_group
2022-07-06 13:40:02 INFO::Fitting model to feature number 305, Genus.Subgroup_2
2022-07-06 13:40:02 INFO::Fitting model to feature number 306, Genus..Eubacterium._ruminantium_group
2022-07-06 13:40:02 INFO::Fitting model to feature number 307, Kingdom.d__Bacteria
2022-07-06 13:40:02 INFO::Fitting model to feature number 308, Genus.Actinospica
2022-07-06 13:40:02 INFO::Fitting model to feature number 309, Genus.Brevibacterium
2022-07-06 13:40:02 INFO::Fitting model to feature number 310, Genus.Erysipelothrix
2022-07-06 13:40:02 INFO::Fitting model to feature number 311, Genus.Clostridium_sensu_stricto_11
2022-07-06 13:40:02 INFO::Fitting model to feature number 312, Family.Rhodocyclaceae
2022-07-06 13:40:02 INFO::Fitting model to feature number 313, Genus.uncultured
2022-07-06 13:40:02 INFO::Fitting model to feature number 314, Genus.Methyloligellaceae
2022-07-06 13:40:02 INFO::Fitting model to feature number 315, Genus.uncultured
2022-07-06 13:40:02 INFO::Fitting model to feature number 316, Genus.Nitrosospira
2022-07-06 13:40:02 INFO::Fitting model to feature number 317, Genus.Dongia
2022-07-06 13:40:02 INFO::Fitting model to feature number 318, Genus.Allorhizobium.Neorhizobium.Pararhizobium.Rhizobium
2022-07-06 13:40:02 INFO::Fitting model to feature number 319, Genus.uncultured
2022-07-06 13:40:02 INFO::Fitting model to feature number 320, Genus.uncultured
2022-07-06 13:40:02 INFO::Fitting model to feature number 321, Genus.Brachybacterium
2022-07-06 13:40:02 INFO::Fitting model to feature number 322, Genus.uncultured
2022-07-06 13:40:02 INFO::Fitting model to feature number 323, Genus.Rikenella
2022-07-06 13:40:02 INFO::Fitting model to feature number 324, Genus.Gracilibacter
2022-07-06 13:40:02 INFO::Fitting model to feature number 325, Genus.uncultured
2022-07-06 13:40:02 INFO::Fitting model to feature number 326, Genus.Atopostipes
2022-07-06 13:40:02 INFO::Fitting model to feature number 327, Genus.Rokubacteriales
2022-07-06 13:40:02 INFO::Fitting model to feature number 328, Genus.Kytococcus
2022-07-06 13:40:02 INFO::Fitting model to feature number 329, Genus.Brevibacillus
2022-07-06 13:40:02 INFO::Fitting model to feature number 330, Genus.Longispora
2022-07-06 13:40:02 INFO::Fitting model to feature number 331, Genus.Algoriphagus
2022-07-06 13:40:02 INFO::Fitting model to feature number 332, Genus.YC.ZSS.LKJ147
2022-07-06 13:40:02 INFO::Fitting model to feature number 333, Class.Gammaproteobacteria
2022-07-06 13:40:02 INFO::Fitting model to feature number 334, Genus.Lineage_IIa
2022-07-06 13:40:02 INFO::Fitting model to feature number 335, Genus.uncultured
2022-07-06 13:40:02 INFO::Fitting model to feature number 336, Genus.UCG.009
2022-07-06 13:40:02 INFO::Fitting model to feature number 337, Genus.Oscillibacter
2022-07-06 13:40:02 INFO::Fitting model to feature number 338, Genus.Dehalobacter
2022-07-06 13:40:02 INFO::Fitting model to feature number 339, Genus..Eubacterium._siraeum_group
2022-07-06 13:40:02 INFO::Fitting model to feature number 340, Genus.Capnocytophaga
2022-07-06 13:40:02 INFO::Fitting model to feature number 341, Genus.uncultured
2022-07-06 13:40:02 INFO::Fitting model to feature number 342, Genus.Coprothermobacter
2022-07-06 13:40:02 INFO::Fitting model to feature number 343, Genus.Cytophaga
2022-07-06 13:40:03 INFO::Fitting model to feature number 344, Genus.Blastomonas
2022-07-06 13:40:03 INFO::Fitting model to feature number 345, Genus.Pseudohongiella
2022-07-06 13:40:03 INFO::Fitting model to feature number 346, Genus.Macellibacteroides
2022-07-06 13:40:03 INFO::Fitting model to feature number 347, Genus.uncultured
2022-07-06 13:40:03 INFO::Fitting model to feature number 348, Family.Erysipelotrichaceae
2022-07-06 13:40:03 INFO::Fitting model to feature number 349, Genus.Modestobacter
2022-07-06 13:40:03 INFO::Fitting model to feature number 350, Genus.UCG.001
2022-07-06 13:40:03 INFO::Fitting model to feature number 351, Genus.JG30.KF.CM45
2022-07-06 13:40:03 INFO::Fitting model to feature number 352, Genus.Phaselicystis
2022-07-06 13:40:03 INFO::Fitting model to feature number 353, Genus.Peptococcus
2022-07-06 13:40:03 INFO::Fitting model to feature number 354, Genus.R7C24
2022-07-06 13:40:03 INFO::Counting total values for each feature
2022-07-06 13:40:03 WARNING::Deleting existing residuals file: Maaslin2 results Timepoint6/residuals.rds
2022-07-06 13:40:03 INFO::Writing residuals to file Maaslin2 results Timepoint6/residuals.rds
2022-07-06 13:40:03 WARNING::Deleting existing fitted file: Maaslin2 results Timepoint6/fitted.rds
2022-07-06 13:40:03 INFO::Writing fitted values to file Maaslin2 results Timepoint6/fitted.rds
2022-07-06 13:40:03 INFO::Writing all results to file (ordered by increasing q-values): Maaslin2 results Timepoint6/all_results.tsv
2022-07-06 13:40:03 INFO::Writing the significant results (those which are less than or equal to the threshold of 0.250000 ) to file (ordered by increasing q-values): Maaslin2 results Timepoint6/significant_results.tsv
2022-07-06 13:40:03 INFO::Writing heatmap of significant results to file: Maaslin2 results Timepoint6/heatmap.pdf
2022-07-06 13:40:03 INFO::Writing association plots (one for each significant association) to output folder: Maaslin2 results Timepoint6
2022-07-06 13:40:03 INFO::Plotting associations from most to least significant, grouped by metadata
2022-07-06 13:40:03 INFO::Plotting data for metadata number 1, responder
2022-07-06 13:40:03 INFO::Creating boxplot for categorical data, responder vs Genus..Eubacterium._eligens_group
